{"/home/travis/build/npmtest/node-npmtest-phantomjs2/test.js":{"path":"/home/travis/build/npmtest/node-npmtest-phantomjs2/test.js","s":{"1":2,"2":2,"3":2,"4":2,"5":2,"6":2,"7":2,"8":1,"9":2,"10":2,"11":1,"12":1,"13":1,"14":1,"15":2,"16":2,"17":2,"18":2,"19":1,"20":1,"21":2,"22":2,"23":2,"24":1,"25":1,"26":1,"27":1,"28":1,"29":1,"30":1,"31":1,"32":1,"33":1,"34":1,"35":1,"36":1,"37":1,"38":1,"39":2,"40":2,"41":1,"42":2,"43":2,"44":1,"45":2,"46":2,"47":1,"48":2,"49":2,"50":1,"51":1,"52":1,"53":1,"54":1},"b":{"1":[2,1,1,1],"2":[1,1,1,1],"3":[1,1],"4":[1,1],"5":[1,1],"6":[1,1],"7":[1,1],"8":[1,1],"9":[1,1],"10":[1,1,1],"11":[1,1],"12":[1,1],"13":[1,1],"14":[1,1],"15":[1,1],"16":[1,1],"17":[1,1]},"f":{"1":2,"2":2,"3":2,"4":2,"5":2,"6":1,"7":1,"8":1,"9":2,"10":2,"11":2,"12":2,"13":1},"fnMap":{"1":{"name":"(anonymous_1)","line":12,"loc":{"start":{"line":12,"column":1},"end":{"line":12,"column":13}}},"2":{"name":"(anonymous_2)","line":19,"loc":{"start":{"line":19,"column":5},"end":{"line":19,"column":17}}},"3":{"name":"(anonymous_3)","line":23,"loc":{"start":{"line":23,"column":24},"end":{"line":23,"column":36}}},"4":{"name":"(anonymous_4)","line":61,"loc":{"start":{"line":61,"column":5},"end":{"line":61,"column":17}}},"5":{"name":"(anonymous_5)","line":82,"loc":{"start":{"line":82,"column":5},"end":{"line":82,"column":17}}},"6":{"name":"(anonymous_6)","line":91,"loc":{"start":{"line":91,"column":77},"end":{"line":94,"column":10}}},"7":{"name":"(anonymous_7)","line":112,"loc":{"start":{"line":112,"column":83},"end":{"line":115,"column":10}},"skip":true},"8":{"name":"(anonymous_8)","line":123,"loc":{"start":{"line":123,"column":77},"end":{"line":126,"column":10}},"skip":true},"9":{"name":"(anonymous_9)","line":139,"loc":{"start":{"line":139,"column":12},"end":{"line":139,"column":40}},"skip":true},"10":{"name":"(anonymous_10)","line":147,"loc":{"start":{"line":147,"column":77},"end":{"line":150,"column":10}},"skip":true},"11":{"name":"(anonymous_11)","line":158,"loc":{"start":{"line":158,"column":83},"end":{"line":161,"column":10}},"skip":true},"12":{"name":"(anonymous_12)","line":169,"loc":{"start":{"line":169,"column":79},"end":{"line":172,"column":10}},"skip":true},"13":{"name":"(anonymous_13)","line":180,"loc":{"start":{"line":180,"column":75},"end":{"line":183,"column":10}},"skip":true}},"statementMap":{"1":{"start":{"line":12,"column":0},"end":{"line":195,"column":5}},"2":{"start":{"line":14,"column":4},"end":{"line":14,"column":14}},"3":{"start":{"line":19,"column":4},"end":{"line":56,"column":9}},"4":{"start":{"line":21,"column":8},"end":{"line":21,"column":19}},"5":{"start":{"line":23,"column":8},"end":{"line":35,"column":13}},"6":{"start":{"line":24,"column":12},"end":{"line":34,"column":13}},"7":{"start":{"line":25,"column":16},"end":{"line":28,"column":30}},"8":{"start":{"line":30,"column":16},"end":{"line":33,"column":27}},"9":{"start":{"line":37,"column":8},"end":{"line":39,"column":21}},"10":{"start":{"line":40,"column":8},"end":{"line":53,"column":9}},"11":{"start":{"line":43,"column":12},"end":{"line":46,"column":14}},"12":{"start":{"line":47,"column":12},"end":{"line":47,"column":18}},"13":{"start":{"line":50,"column":12},"end":{"line":51,"column":46}},"14":{"start":{"line":52,"column":12},"end":{"line":52,"column":18}},"15":{"start":{"line":55,"column":8},"end":{"line":55,"column":35}},"16":{"start":{"line":61,"column":4},"end":{"line":63,"column":9}},"17":{"start":{"line":62,"column":8},"end":{"line":62,"column":15}},"18":{"start":{"line":64,"column":4},"end":{"line":77,"column":5}},"19":{"start":{"line":70,"column":8},"end":{"line":70,"column":14}},"20":{"start":{"line":76,"column":8},"end":{"line":76,"column":14}},"21":{"start":{"line":82,"column":4},"end":{"line":84,"column":9}},"22":{"start":{"line":83,"column":8},"end":{"line":83,"column":15}},"23":{"start":{"line":85,"column":4},"end":{"line":194,"column":5}},"24":{"start":{"line":91,"column":8},"end":{"line":99,"column":10}},"25":{"start":{"line":98,"column":12},"end":{"line":98,"column":35}},"26":{"start":{"line":102,"column":8},"end":{"line":104,"column":63}},"27":{"start":{"line":105,"column":8},"end":{"line":105,"column":14}},"28":{"start":{"line":112,"column":8},"end":{"line":121,"column":10},"skip":true},"29":{"start":{"line":119,"column":12},"end":{"line":119,"column":55},"skip":true},"30":{"start":{"line":120,"column":12},"end":{"line":120,"column":48},"skip":true},"31":{"start":{"line":123,"column":8},"end":{"line":136,"column":10},"skip":true},"32":{"start":{"line":130,"column":12},"end":{"line":130,"column":76},"skip":true},"33":{"start":{"line":131,"column":12},"end":{"line":131,"column":73},"skip":true},"34":{"start":{"line":132,"column":12},"end":{"line":132,"column":74},"skip":true},"35":{"start":{"line":133,"column":12},"end":{"line":133,"column":79},"skip":true},"36":{"start":{"line":134,"column":12},"end":{"line":134,"column":25},"skip":true},"37":{"start":{"line":135,"column":12},"end":{"line":135,"column":45},"skip":true},"38":{"start":{"line":138,"column":8},"end":{"line":145,"column":14},"skip":true},"39":{"start":{"line":143,"column":16},"end":{"line":143,"column":29},"skip":true},"40":{"start":{"line":144,"column":16},"end":{"line":144,"column":55},"skip":true},"41":{"start":{"line":147,"column":8},"end":{"line":156,"column":10},"skip":true},"42":{"start":{"line":154,"column":12},"end":{"line":154,"column":25},"skip":true},"43":{"start":{"line":155,"column":12},"end":{"line":155,"column":45},"skip":true},"44":{"start":{"line":158,"column":8},"end":{"line":167,"column":10},"skip":true},"45":{"start":{"line":165,"column":12},"end":{"line":165,"column":25},"skip":true},"46":{"start":{"line":166,"column":12},"end":{"line":166,"column":48},"skip":true},"47":{"start":{"line":169,"column":8},"end":{"line":178,"column":10},"skip":true},"48":{"start":{"line":176,"column":12},"end":{"line":176,"column":25},"skip":true},"49":{"start":{"line":177,"column":12},"end":{"line":177,"column":46},"skip":true},"50":{"start":{"line":180,"column":8},"end":{"line":189,"column":10},"skip":true},"51":{"start":{"line":187,"column":12},"end":{"line":187,"column":94},"skip":true},"52":{"start":{"line":188,"column":12},"end":{"line":188,"column":48},"skip":true},"53":{"start":{"line":192,"column":8},"end":{"line":192,"column":35},"skip":true},"54":{"start":{"line":193,"column":8},"end":{"line":193,"column":14},"skip":true}},"branchMap":{"1":{"line":25,"type":"binary-expr","locations":[{"start":{"line":25,"column":23},"end":{"line":25,"column":62}},{"start":{"line":26,"column":20},"end":{"line":26,"column":70}},{"start":{"line":27,"column":20},"end":{"line":27,"column":71}},{"start":{"line":28,"column":20},"end":{"line":28,"column":29}}]},"2":{"line":30,"type":"binary-expr","locations":[{"start":{"line":30,"column":23},"end":{"line":30,"column":37}},{"start":{"line":31,"column":20},"end":{"line":31,"column":61}},{"start":{"line":32,"column":20},"end":{"line":32,"column":70}},{"start":{"line":33,"column":20},"end":{"line":33,"column":26}}]},"3":{"line":37,"type":"cond-expr","locations":[{"start":{"line":38,"column":14},"end":{"line":38,"column":20}},{"start":{"line":39,"column":14},"end":{"line":39,"column":20}}]},"4":{"line":40,"type":"switch","locations":[{"start":{"line":42,"column":8},"end":{"line":47,"column":18}},{"start":{"line":49,"column":8},"end":{"line":52,"column":18}}]},"5":{"line":44,"type":"binary-expr","locations":[{"start":{"line":44,"column":16},"end":{"line":44,"column":44}},{"start":{"line":44,"column":48},"end":{"line":44,"column":66}}]},"6":{"line":50,"type":"binary-expr","locations":[{"start":{"line":50,"column":21},"end":{"line":50,"column":49}},{"start":{"line":50,"column":53},"end":{"line":50,"column":72}}]},"7":{"line":64,"type":"switch","locations":[{"start":{"line":69,"column":4},"end":{"line":70,"column":14}},{"start":{"line":75,"column":4},"end":{"line":76,"column":14}}]},"8":{"line":85,"type":"switch","locations":[{"start":{"line":90,"column":4},"end":{"line":105,"column":14}},{"start":{"line":111,"column":4},"end":{"line":193,"column":14},"skip":true}]},"9":{"line":91,"type":"binary-expr","locations":[{"start":{"line":91,"column":42},"end":{"line":91,"column":73}},{"start":{"line":91,"column":77},"end":{"line":99,"column":9}}]},"10":{"line":102,"type":"binary-expr","locations":[{"start":{"line":102,"column":18},"end":{"line":102,"column":32}},{"start":{"line":103,"column":12},"end":{"line":103,"column":53}},{"start":{"line":104,"column":12},"end":{"line":104,"column":61}}]},"11":{"line":112,"type":"binary-expr","locations":[{"start":{"line":112,"column":45},"end":{"line":112,"column":79},"skip":true},{"start":{"line":112,"column":83},"end":{"line":121,"column":9},"skip":true}]},"12":{"line":123,"type":"binary-expr","locations":[{"start":{"line":123,"column":42},"end":{"line":123,"column":73},"skip":true},{"start":{"line":123,"column":77},"end":{"line":136,"column":9},"skip":true}]},"13":{"line":138,"type":"binary-expr","locations":[{"start":{"line":138,"column":48},"end":{"line":138,"column":85},"skip":true},{"start":{"line":139,"column":12},"end":{"line":145,"column":13},"skip":true}]},"14":{"line":147,"type":"binary-expr","locations":[{"start":{"line":147,"column":42},"end":{"line":147,"column":73},"skip":true},{"start":{"line":147,"column":77},"end":{"line":156,"column":9},"skip":true}]},"15":{"line":158,"type":"binary-expr","locations":[{"start":{"line":158,"column":45},"end":{"line":158,"column":79},"skip":true},{"start":{"line":158,"column":83},"end":{"line":167,"column":9},"skip":true}]},"16":{"line":169,"type":"binary-expr","locations":[{"start":{"line":169,"column":43},"end":{"line":169,"column":75},"skip":true},{"start":{"line":169,"column":79},"end":{"line":178,"column":9},"skip":true}]},"17":{"line":180,"type":"binary-expr","locations":[{"start":{"line":180,"column":41},"end":{"line":180,"column":71},"skip":true},{"start":{"line":180,"column":75},"end":{"line":189,"column":9},"skip":true}]}},"code":["/* istanbul instrument in package npmtest_phantomjs2 */","/*jslint","    bitwise: true,","    browser: true,","    maxerr: 8,","    maxlen: 96,","    node: true,","    nomen: true,","    regexp: true,","    stupid: true","*/","(function () {","    'use strict';","    var local;","","","","    // run shared js-env code - pre-init","    (function () {","        // init local","        local = {};","        // init modeJs","        local.modeJs = (function () {","            try {","                return typeof navigator.userAgent === 'string' &&","                    typeof document.querySelector('body') === 'object' &&","                    typeof XMLHttpRequest.prototype.open === 'function' &&","                    'browser';","            } catch (errorCaughtBrowser) {","                return module.exports &&","                    typeof process.versions.node === 'string' &&","                    typeof require('http').createServer === 'function' &&","                    'node';","            }","        }());","        // init global","        local.global = local.modeJs === 'browser'","            ? window","            : global;","        switch (local.modeJs) {","        // re-init local from window.local","        case 'browser':","            local = local.global.utility2.objectSetDefault(","                local.global.utility2_rollup || local.global.local,","                local.global.utility2","            );","            break;","        // re-init local from example.js","        case 'node':","            local = (local.global.utility2_rollup || require('utility2'))","                .requireExampleJsFromReadme();","            break;","        }","        // export local","        local.global.local = local;","    }());","","","","    // run shared js-env code - function","    (function () {","        return;","    }());","    switch (local.modeJs) {","","","","    // run browser js-env code - function","    case 'browser':","        break;","","","","    // run node js-env code - function","    case 'node':","        break;","    }","","","","    // run shared js-env code - post-init","    (function () {","        return;","    }());","    switch (local.modeJs) {","","","","    // run browser js-env code - post-init","    case 'browser':","        local.testCase_browser_nullCase = local.testCase_browser_nullCase || function (","            options,","            onError","        ) {","        /*","         * this function will test browsers's null-case handling-behavior-behavior","         */","            onError(null, options);","        };","","        // run tests","        local.nop(local.modeTest &&","            document.querySelector('#testRunButton1') &&","            document.querySelector('#testRunButton1').click());","        break;","","","","    // run node js-env code - post-init","    /* istanbul ignore next */","    case 'node':","        local.testCase_buildApidoc_default = local.testCase_buildApidoc_default || function (","            options,","            onError","        ) {","        /*","         * this function will test buildApidoc's default handling-behavior-behavior","         */","            options = { modulePathList: module.paths };","            local.buildApidoc(options, onError);","        };","","        local.testCase_buildApp_default = local.testCase_buildApp_default || function (","            options,","            onError","        ) {","        /*","         * this function will test buildApp's default handling-behavior-behavior","         */","            local.testCase_buildReadme_default(options, local.onErrorThrow);","            local.testCase_buildLib_default(options, local.onErrorThrow);","            local.testCase_buildTest_default(options, local.onErrorThrow);","            local.testCase_buildCustomOrg_default(options, local.onErrorThrow);","            options = [];","            local.buildApp(options, onError);","        };","","        local.testCase_buildCustomOrg_default = local.testCase_buildCustomOrg_default ||","            function (options, onError) {","            /*","             * this function will test buildCustomOrg's default handling-behavior","             */","                options = {};","                local.buildCustomOrg(options, onError);","            };","","        local.testCase_buildLib_default = local.testCase_buildLib_default || function (","            options,","            onError","        ) {","        /*","         * this function will test buildLib's default handling-behavior","         */","            options = {};","            local.buildLib(options, onError);","        };","","        local.testCase_buildReadme_default = local.testCase_buildReadme_default || function (","            options,","            onError","        ) {","        /*","         * this function will test buildReadme's default handling-behavior-behavior","         */","            options = {};","            local.buildReadme(options, onError);","        };","","        local.testCase_buildTest_default = local.testCase_buildTest_default || function (","            options,","            onError","        ) {","        /*","         * this function will test buildTest's default handling-behavior","         */","            options = {};","            local.buildTest(options, onError);","        };","","        local.testCase_webpage_default = local.testCase_webpage_default || function (","            options,","            onError","        ) {","        /*","         * this function will test webpage's default handling-behavior","         */","            options = { modeCoverageMerge: true, url: local.serverLocalHost + '?modeTest=1' };","            local.browserTest(options, onError);","        };","","        // run test-server","        local.testRunServer(local);","        break;","    }","}());",""],"l":{"12":2,"14":2,"19":2,"21":2,"23":2,"24":2,"25":2,"30":1,"37":2,"40":2,"43":1,"47":1,"50":1,"52":1,"55":2,"61":2,"62":2,"64":2,"70":1,"76":1,"82":2,"83":2,"85":2,"91":1,"98":1,"102":1,"105":1,"112":1,"119":1,"120":1,"123":1,"130":1,"131":1,"132":1,"133":1,"134":1,"135":1,"138":1,"143":2,"144":2,"147":1,"154":2,"155":2,"158":1,"165":2,"166":2,"169":1,"176":2,"177":2,"180":1,"187":1,"188":1,"192":1,"193":1}},"/home/travis/build/npmtest/node-npmtest-phantomjs2/lib.npmtest_phantomjs2.js":{"path":"/home/travis/build/npmtest/node-npmtest-phantomjs2/lib.npmtest_phantomjs2.js","s":{"1":2,"2":2,"3":2,"4":2,"5":2,"6":2,"7":2,"8":1,"9":2,"10":2,"11":2,"12":2,"13":1,"14":1,"15":1,"16":1},"b":{"1":[2,1,1,1],"2":[1,1,1,1],"3":[1,1],"4":[2,2],"5":[1,1]},"f":{"1":2,"2":2,"3":2},"fnMap":{"1":{"name":"(anonymous_1)","line":12,"loc":{"start":{"line":12,"column":1},"end":{"line":12,"column":13}}},"2":{"name":"(anonymous_2)","line":19,"loc":{"start":{"line":19,"column":5},"end":{"line":19,"column":17}}},"3":{"name":"(anonymous_3)","line":23,"loc":{"start":{"line":23,"column":24},"end":{"line":23,"column":36}}}},"statementMap":{"1":{"start":{"line":12,"column":0},"end":{"line":53,"column":5}},"2":{"start":{"line":14,"column":4},"end":{"line":14,"column":14}},"3":{"start":{"line":19,"column":4},"end":{"line":52,"column":9}},"4":{"start":{"line":21,"column":8},"end":{"line":21,"column":19}},"5":{"start":{"line":23,"column":8},"end":{"line":35,"column":13}},"6":{"start":{"line":24,"column":12},"end":{"line":34,"column":13}},"7":{"start":{"line":25,"column":16},"end":{"line":28,"column":30}},"8":{"start":{"line":30,"column":16},"end":{"line":33,"column":27}},"9":{"start":{"line":37,"column":8},"end":{"line":39,"column":21}},"10":{"start":{"line":41,"column":8},"end":{"line":41,"column":54}},"11":{"start":{"line":43,"column":8},"end":{"line":43,"column":55}},"12":{"start":{"line":45,"column":8},"end":{"line":51,"column":9}},"13":{"start":{"line":46,"column":12},"end":{"line":46,"column":61}},"14":{"start":{"line":48,"column":12},"end":{"line":48,"column":35}},"15":{"start":{"line":49,"column":12},"end":{"line":49,"column":49}},"16":{"start":{"line":50,"column":12},"end":{"line":50,"column":43}}},"branchMap":{"1":{"line":25,"type":"binary-expr","locations":[{"start":{"line":25,"column":23},"end":{"line":25,"column":62}},{"start":{"line":26,"column":20},"end":{"line":26,"column":70}},{"start":{"line":27,"column":20},"end":{"line":27,"column":71}},{"start":{"line":28,"column":20},"end":{"line":28,"column":29}}]},"2":{"line":30,"type":"binary-expr","locations":[{"start":{"line":30,"column":23},"end":{"line":30,"column":37}},{"start":{"line":31,"column":20},"end":{"line":31,"column":61}},{"start":{"line":32,"column":20},"end":{"line":32,"column":70}},{"start":{"line":33,"column":20},"end":{"line":33,"column":26}}]},"3":{"line":37,"type":"cond-expr","locations":[{"start":{"line":38,"column":14},"end":{"line":38,"column":20}},{"start":{"line":39,"column":14},"end":{"line":39,"column":20}}]},"4":{"line":41,"type":"binary-expr","locations":[{"start":{"line":41,"column":16},"end":{"line":41,"column":44}},{"start":{"line":41,"column":48},"end":{"line":41,"column":53}}]},"5":{"line":45,"type":"if","locations":[{"start":{"line":45,"column":8},"end":{"line":45,"column":8}},{"start":{"line":45,"column":8},"end":{"line":45,"column":8}}]}},"code":["/* istanbul instrument in package npmtest_phantomjs2 */","/*jslint","    bitwise: true,","    browser: true,","    maxerr: 8,","    maxlen: 96,","    node: true,","    nomen: true,","    regexp: true,","    stupid: true","*/","(function () {","    'use strict';","    var local;","","","","    // run shared js-env code - pre-init","    (function () {","        // init local","        local = {};","        // init modeJs","        local.modeJs = (function () {","            try {","                return typeof navigator.userAgent === 'string' &&","                    typeof document.querySelector('body') === 'object' &&","                    typeof XMLHttpRequest.prototype.open === 'function' &&","                    'browser';","            } catch (errorCaughtBrowser) {","                return module.exports &&","                    typeof process.versions.node === 'string' &&","                    typeof require('http').createServer === 'function' &&","                    'node';","            }","        }());","        // init global","        local.global = local.modeJs === 'browser'","            ? window","            : global;","        // init utility2_rollup","        local = local.global.utility2_rollup || local;","        // init lib","        local.local = local.npmtest_phantomjs2 = local;","        // init exports","        if (local.modeJs === 'browser') {","            local.global.utility2_npmtest_phantomjs2 = local;","        } else {","            module.exports = local;","            module.exports.__dirname = __dirname;","            module.exports.module = module;","        }","    }());","}());",""],"l":{"12":2,"14":2,"19":2,"21":2,"23":2,"24":2,"25":2,"30":1,"37":2,"41":2,"43":2,"45":2,"46":1,"48":1,"49":1,"50":1}},"/home/travis/build/npmtest/node-npmtest-phantomjs2/example.js":{"path":"/home/travis/build/npmtest/node-npmtest-phantomjs2/example.js","s":{"1":2,"2":2,"3":2,"4":2,"5":2,"6":2,"7":2,"8":1,"9":2,"10":2,"11":2,"12":2,"13":1,"14":2,"15":2,"16":2,"17":2,"18":2,"19":0,"20":2,"21":1,"22":1,"23":1,"24":1,"25":1,"26":0,"27":0,"28":1,"29":1,"30":2,"31":0,"32":0,"33":0,"34":1,"35":2,"36":2,"37":3,"38":3,"39":3,"40":3,"41":0,"42":3,"43":3,"44":3,"45":1,"46":3,"47":1,"48":1,"49":1,"50":1,"51":1,"52":1,"53":1,"54":1,"55":1,"56":1,"57":0,"58":1,"59":6,"60":6,"61":1,"62":2,"63":0,"64":2,"65":1,"66":1,"67":0,"68":0,"69":0,"70":0,"71":0,"72":0,"73":0,"74":0,"75":0,"76":0,"77":0,"78":0,"79":0,"80":0,"81":0,"82":0,"83":0},"b":{"1":[2,1,1,1],"2":[1,1,1,1],"3":[1,1],"4":[2,2],"5":[1,1],"6":[1,1],"7":[2,0],"8":[2,1,1,1,1,1],"9":[0,2,0],"10":[1,1],"11":[2,1,1],"12":[1,0],"13":[0,2],"14":[2,0,0,0,0,0,0],"15":[0,3],"16":[3,0],"17":[1,1],"18":[0,1],"19":[1,2,0,2],"20":[1,0],"21":[1,1],"22":[0,0],"23":[0,0],"24":[0,0],"25":[0,0],"26":[0,0],"27":[0,0],"28":[0,0]},"f":{"1":2,"2":2,"3":2,"4":2,"5":2,"6":2,"7":3,"8":3,"9":3,"10":1,"11":6,"12":0},"fnMap":{"1":{"name":"(anonymous_1)","line":26,"loc":{"start":{"line":26,"column":1},"end":{"line":26,"column":13}}},"2":{"name":"(anonymous_2)","line":33,"loc":{"start":{"line":33,"column":5},"end":{"line":33,"column":17}}},"3":{"name":"(anonymous_3)","line":37,"loc":{"start":{"line":37,"column":24},"end":{"line":37,"column":36}}},"4":{"name":"(anonymous_4)","line":69,"loc":{"start":{"line":69,"column":31},"end":{"line":69,"column":48}},"skip":true},"5":{"name":"(anonymous_5)","line":78,"loc":{"start":{"line":78,"column":26},"end":{"line":78,"column":45}},"skip":true},"6":{"name":"(anonymous_6)","line":123,"loc":{"start":{"line":123,"column":33},"end":{"line":123,"column":48}},"skip":true},"7":{"name":"(anonymous_7)","line":125,"loc":{"start":{"line":125,"column":27},"end":{"line":125,"column":39}},"skip":true},"8":{"name":"(anonymous_8)","line":133,"loc":{"start":{"line":133,"column":59},"end":{"line":133,"column":74}},"skip":true},"9":{"name":"(anonymous_9)","line":143,"loc":{"start":{"line":143,"column":45},"end":{"line":143,"column":62}},"skip":true},"10":{"name":"(anonymous_10)","line":144,"loc":{"start":{"line":144,"column":73},"end":{"line":144,"column":92}},"skip":true},"11":{"name":"(anonymous_11)","line":272,"loc":{"start":{"line":272,"column":51},"end":{"line":272,"column":77}},"skip":true},"12":{"name":"(anonymous_12)","line":315,"loc":{"start":{"line":315,"column":32},"end":{"line":315,"column":61}},"skip":true}},"statementMap":{"1":{"start":{"line":26,"column":0},"end":{"line":326,"column":5}},"2":{"start":{"line":28,"column":4},"end":{"line":28,"column":14}},"3":{"start":{"line":33,"column":4},"end":{"line":60,"column":9}},"4":{"start":{"line":35,"column":8},"end":{"line":35,"column":19}},"5":{"start":{"line":37,"column":8},"end":{"line":49,"column":13}},"6":{"start":{"line":38,"column":12},"end":{"line":48,"column":13}},"7":{"start":{"line":39,"column":16},"end":{"line":42,"column":30}},"8":{"start":{"line":44,"column":16},"end":{"line":47,"column":27}},"9":{"start":{"line":51,"column":8},"end":{"line":53,"column":21}},"10":{"start":{"line":55,"column":8},"end":{"line":57,"column":45}},"11":{"start":{"line":59,"column":8},"end":{"line":59,"column":35}},"12":{"start":{"line":61,"column":4},"end":{"line":325,"column":5}},"13":{"start":{"line":69,"column":8},"end":{"line":121,"column":10},"skip":true},"14":{"start":{"line":70,"column":12},"end":{"line":88,"column":13},"skip":true},"15":{"start":{"line":76,"column":16},"end":{"line":87,"column":19},"skip":true},"16":{"start":{"line":79,"column":20},"end":{"line":86,"column":21},"skip":true},"17":{"start":{"line":82,"column":24},"end":{"line":82,"column":43},"skip":true},"18":{"start":{"line":83,"column":24},"end":{"line":83,"column":30},"skip":true},"19":{"start":{"line":85,"column":24},"end":{"line":85,"column":49},"skip":true},"20":{"start":{"line":89,"column":12},"end":{"line":107,"column":13},"skip":true},"21":{"start":{"line":92,"column":16},"end":{"line":102,"column":17},"skip":true},"22":{"start":{"line":93,"column":20},"end":{"line":93,"column":86},"skip":true},"23":{"start":{"line":94,"column":20},"end":{"line":95,"column":45},"skip":true},"24":{"start":{"line":96,"column":20},"end":{"line":96,"column":42},"skip":true},"25":{"start":{"line":97,"column":20},"end":{"line":97,"column":48},"skip":true},"26":{"start":{"line":100,"column":20},"end":{"line":100,"column":85},"skip":true},"27":{"start":{"line":101,"column":20},"end":{"line":101,"column":96},"skip":true},"28":{"start":{"line":103,"column":16},"end":{"line":103,"column":22},"skip":true},"29":{"start":{"line":106,"column":16},"end":{"line":106,"column":22},"skip":true},"30":{"start":{"line":108,"column":12},"end":{"line":120,"column":13},"skip":true},"31":{"start":{"line":114,"column":16},"end":{"line":119,"column":17},"skip":true},"32":{"start":{"line":116,"column":20},"end":{"line":116,"column":78},"skip":true},"33":{"start":{"line":118,"column":20},"end":{"line":118,"column":47},"skip":true},"34":{"start":{"line":123,"column":8},"end":{"line":141,"column":11},"skip":true},"35":{"start":{"line":124,"column":12},"end":{"line":124,"column":54},"skip":true},"36":{"start":{"line":125,"column":12},"end":{"line":140,"column":14},"skip":true},"37":{"start":{"line":126,"column":16},"end":{"line":126,"column":28},"skip":true},"38":{"start":{"line":127,"column":16},"end":{"line":127,"column":69},"skip":true},"39":{"start":{"line":128,"column":16},"end":{"line":128,"column":75},"skip":true},"40":{"start":{"line":129,"column":16},"end":{"line":131,"column":17},"skip":true},"41":{"start":{"line":130,"column":20},"end":{"line":130,"column":27},"skip":true},"42":{"start":{"line":133,"column":16},"end":{"line":137,"column":36},"skip":true},"43":{"start":{"line":134,"column":20},"end":{"line":136,"column":55},"skip":true},"44":{"start":{"line":139,"column":16},"end":{"line":139,"column":57},"skip":true},"45":{"start":{"line":143,"column":8},"end":{"line":147,"column":11},"skip":true},"46":{"start":{"line":144,"column":12},"end":{"line":146,"column":15},"skip":true},"47":{"start":{"line":145,"column":16},"end":{"line":145,"column":70},"skip":true},"48":{"start":{"line":149,"column":8},"end":{"line":149,"column":31},"skip":true},"49":{"start":{"line":150,"column":8},"end":{"line":150,"column":14},"skip":true},"50":{"start":{"line":158,"column":8},"end":{"line":158,"column":31},"skip":true},"51":{"start":{"line":160,"column":8},"end":{"line":160,"column":33},"skip":true},"52":{"start":{"line":161,"column":8},"end":{"line":161,"column":37},"skip":true},"53":{"start":{"line":162,"column":8},"end":{"line":162,"column":35},"skip":true},"54":{"start":{"line":164,"column":8},"end":{"line":164,"column":50},"skip":true},"55":{"start":{"line":166,"column":8},"end":{"line":256,"column":2},"skip":true},"56":{"start":{"line":258,"column":8},"end":{"line":286,"column":9},"skip":true},"57":{"start":{"line":259,"column":12},"end":{"line":269,"column":14},"skip":true},"58":{"start":{"line":271,"column":12},"end":{"line":285,"column":19},"skip":true},"59":{"start":{"line":274,"column":20},"end":{"line":274,"column":35},"skip":true},"60":{"start":{"line":275,"column":20},"end":{"line":284,"column":21},"skip":true},"61":{"start":{"line":277,"column":24},"end":{"line":277,"column":64},"skip":true},"62":{"start":{"line":279,"column":24},"end":{"line":279,"column":40},"skip":true},"63":{"start":{"line":281,"column":24},"end":{"line":281,"column":40},"skip":true},"64":{"start":{"line":283,"column":24},"end":{"line":283,"column":39},"skip":true},"65":{"start":{"line":288,"column":8},"end":{"line":290,"column":9},"skip":true},"66":{"start":{"line":289,"column":12},"end":{"line":289,"column":18},"skip":true},"67":{"start":{"line":291,"column":8},"end":{"line":293,"column":54},"skip":true},"68":{"start":{"line":296,"column":8},"end":{"line":301,"column":37},"skip":true},"69":{"start":{"line":303,"column":8},"end":{"line":303,"column":82},"skip":true},"70":{"start":{"line":306,"column":8},"end":{"line":308,"column":9},"skip":true},"71":{"start":{"line":307,"column":12},"end":{"line":307,"column":82},"skip":true},"72":{"start":{"line":310,"column":8},"end":{"line":312,"column":9},"skip":true},"73":{"start":{"line":311,"column":12},"end":{"line":311,"column":18},"skip":true},"74":{"start":{"line":313,"column":8},"end":{"line":313,"column":54},"skip":true},"75":{"start":{"line":314,"column":8},"end":{"line":314,"column":69},"skip":true},"76":{"start":{"line":315,"column":8},"end":{"line":323,"column":36},"skip":true},"77":{"start":{"line":316,"column":12},"end":{"line":316,"column":61},"skip":true},"78":{"start":{"line":317,"column":12},"end":{"line":320,"column":13},"skip":true},"79":{"start":{"line":318,"column":16},"end":{"line":318,"column":75},"skip":true},"80":{"start":{"line":319,"column":16},"end":{"line":319,"column":23},"skip":true},"81":{"start":{"line":321,"column":12},"end":{"line":321,"column":38},"skip":true},"82":{"start":{"line":322,"column":12},"end":{"line":322,"column":27},"skip":true},"83":{"start":{"line":324,"column":8},"end":{"line":324,"column":14},"skip":true}},"branchMap":{"1":{"line":39,"type":"binary-expr","locations":[{"start":{"line":39,"column":23},"end":{"line":39,"column":62}},{"start":{"line":40,"column":20},"end":{"line":40,"column":70}},{"start":{"line":41,"column":20},"end":{"line":41,"column":71}},{"start":{"line":42,"column":20},"end":{"line":42,"column":29}}]},"2":{"line":44,"type":"binary-expr","locations":[{"start":{"line":44,"column":23},"end":{"line":44,"column":37}},{"start":{"line":45,"column":20},"end":{"line":45,"column":61}},{"start":{"line":46,"column":20},"end":{"line":46,"column":70}},{"start":{"line":47,"column":20},"end":{"line":47,"column":26}}]},"3":{"line":51,"type":"cond-expr","locations":[{"start":{"line":52,"column":14},"end":{"line":52,"column":20}},{"start":{"line":53,"column":14},"end":{"line":53,"column":20}}]},"4":{"line":55,"type":"binary-expr","locations":[{"start":{"line":55,"column":16},"end":{"line":55,"column":44}},{"start":{"line":55,"column":49},"end":{"line":57,"column":43}}]},"5":{"line":55,"type":"cond-expr","locations":[{"start":{"line":56,"column":14},"end":{"line":56,"column":54}},{"start":{"line":57,"column":14},"end":{"line":57,"column":43}}]},"6":{"line":61,"type":"switch","locations":[{"start":{"line":68,"column":4},"end":{"line":150,"column":14},"skip":true},{"start":{"line":156,"column":4},"end":{"line":324,"column":14},"skip":true}]},"7":{"line":70,"type":"if","locations":[{"start":{"line":70,"column":12},"end":{"line":70,"column":12},"skip":true},{"start":{"line":70,"column":12},"end":{"line":70,"column":12},"skip":true}]},"8":{"line":70,"type":"binary-expr","locations":[{"start":{"line":70,"column":16},"end":{"line":70,"column":22},"skip":true},{"start":{"line":70,"column":27},"end":{"line":70,"column":32},"skip":true},{"start":{"line":71,"column":20},"end":{"line":71,"column":39},"skip":true},{"start":{"line":72,"column":20},"end":{"line":72,"column":49},"skip":true},{"start":{"line":73,"column":20},"end":{"line":73,"column":58},"skip":true},{"start":{"line":74,"column":20},"end":{"line":74,"column":69},"skip":true}]},"9":{"line":79,"type":"switch","locations":[{"start":{"line":80,"column":20},"end":{"line":80,"column":33},"skip":true},{"start":{"line":81,"column":20},"end":{"line":83,"column":30},"skip":true},{"start":{"line":84,"column":20},"end":{"line":85,"column":49},"skip":true}]},"10":{"line":89,"type":"switch","locations":[{"start":{"line":90,"column":12},"end":{"line":103,"column":22},"skip":true},{"start":{"line":105,"column":12},"end":{"line":106,"column":22},"skip":true}]},"11":{"line":89,"type":"binary-expr","locations":[{"start":{"line":89,"column":20},"end":{"line":89,"column":25},"skip":true},{"start":{"line":89,"column":29},"end":{"line":89,"column":48},"skip":true},{"start":{"line":89,"column":52},"end":{"line":89,"column":74},"skip":true}]},"12":{"line":92,"type":"if","locations":[{"start":{"line":92,"column":16},"end":{"line":92,"column":16},"skip":true},{"start":{"line":92,"column":16},"end":{"line":92,"column":16},"skip":true}]},"13":{"line":108,"type":"if","locations":[{"start":{"line":108,"column":12},"end":{"line":108,"column":12},"skip":true},{"start":{"line":108,"column":12},"end":{"line":108,"column":12},"skip":true}]},"14":{"line":108,"type":"binary-expr","locations":[{"start":{"line":108,"column":16},"end":{"line":108,"column":61},"skip":true},{"start":{"line":108,"column":66},"end":{"line":108,"column":72},"skip":true},{"start":{"line":108,"column":77},"end":{"line":108,"column":82},"skip":true},{"start":{"line":109,"column":20},"end":{"line":109,"column":39},"skip":true},{"start":{"line":110,"column":20},"end":{"line":110,"column":49},"skip":true},{"start":{"line":111,"column":20},"end":{"line":111,"column":58},"skip":true},{"start":{"line":112,"column":20},"end":{"line":112,"column":68},"skip":true}]},"15":{"line":129,"type":"if","locations":[{"start":{"line":129,"column":16},"end":{"line":129,"column":16},"skip":true},{"start":{"line":129,"column":16},"end":{"line":129,"column":16},"skip":true}]},"16":{"line":134,"type":"cond-expr","locations":[{"start":{"line":135,"column":26},"end":{"line":135,"column":29},"skip":true},{"start":{"line":136,"column":26},"end":{"line":136,"column":54},"skip":true}]},"17":{"line":164,"type":"binary-expr","locations":[{"start":{"line":164,"column":27},"end":{"line":164,"column":43},"skip":true},{"start":{"line":164,"column":47},"end":{"line":164,"column":49},"skip":true}]},"18":{"line":258,"type":"if","locations":[{"start":{"line":258,"column":8},"end":{"line":258,"column":8},"skip":true},{"start":{"line":258,"column":8},"end":{"line":258,"column":8},"skip":true}]},"19":{"line":275,"type":"switch","locations":[{"start":{"line":276,"column":20},"end":{"line":277,"column":64},"skip":true},{"start":{"line":278,"column":20},"end":{"line":279,"column":40},"skip":true},{"start":{"line":280,"column":20},"end":{"line":281,"column":40},"skip":true},{"start":{"line":282,"column":20},"end":{"line":283,"column":39},"skip":true}]},"20":{"line":288,"type":"if","locations":[{"start":{"line":288,"column":8},"end":{"line":288,"column":8},"skip":true},{"start":{"line":288,"column":8},"end":{"line":288,"column":8},"skip":true}]},"21":{"line":288,"type":"binary-expr","locations":[{"start":{"line":288,"column":12},"end":{"line":288,"column":40},"skip":true},{"start":{"line":288,"column":44},"end":{"line":288,"column":67},"skip":true}]},"22":{"line":292,"type":"binary-expr","locations":[{"start":{"line":292,"column":12},"end":{"line":292,"column":50},"skip":true},{"start":{"line":293,"column":12},"end":{"line":293,"column":53},"skip":true}]},"23":{"line":297,"type":"binary-expr","locations":[{"start":{"line":297,"column":12},"end":{"line":297,"column":68},"skip":true},{"start":{"line":298,"column":12},"end":{"line":301,"column":36},"skip":true}]},"24":{"line":303,"type":"binary-expr","locations":[{"start":{"line":303,"column":43},"end":{"line":303,"column":75},"skip":true},{"start":{"line":303,"column":79},"end":{"line":303,"column":81},"skip":true}]},"25":{"line":306,"type":"if","locations":[{"start":{"line":306,"column":8},"end":{"line":306,"column":8},"skip":true},{"start":{"line":306,"column":8},"end":{"line":306,"column":8},"skip":true}]},"26":{"line":310,"type":"if","locations":[{"start":{"line":310,"column":8},"end":{"line":310,"column":8},"skip":true},{"start":{"line":310,"column":8},"end":{"line":310,"column":8},"skip":true}]},"27":{"line":313,"type":"binary-expr","locations":[{"start":{"line":313,"column":27},"end":{"line":313,"column":43},"skip":true},{"start":{"line":313,"column":47},"end":{"line":313,"column":53},"skip":true}]},"28":{"line":317,"type":"if","locations":[{"start":{"line":317,"column":12},"end":{"line":317,"column":12},"skip":true},{"start":{"line":317,"column":12},"end":{"line":317,"column":12},"skip":true}]}},"code":["/*","example.js","","quickstart example","","instruction","    1. save this script as example.js","    2. run the shell command:","        $ npm install npmtest-phantomjs2 && PORT=8081 node example.js","    3. play with the browser-demo on http://127.0.0.1:8081","*/","","","","/* istanbul instrument in package npmtest_phantomjs2 */","/*jslint","    bitwise: true,","    browser: true,","    maxerr: 8,","    maxlen: 96,","    node: true,","    nomen: true,","    regexp: true,","    stupid: true","*/","(function () {","    'use strict';","    var local;","","","","    // run shared js-env code - pre-init","    (function () {","        // init local","        local = {};","        // init modeJs","        local.modeJs = (function () {","            try {","                return typeof navigator.userAgent === 'string' &&","                    typeof document.querySelector('body') === 'object' &&","                    typeof XMLHttpRequest.prototype.open === 'function' &&","                    'browser';","            } catch (errorCaughtBrowser) {","                return module.exports &&","                    typeof process.versions.node === 'string' &&","                    typeof require('http').createServer === 'function' &&","                    'node';","            }","        }());","        // init global","        local.global = local.modeJs === 'browser'","            ? window","            : global;","        // init utility2_rollup","        local = local.global.utility2_rollup || (local.modeJs === 'browser'","            ? local.global.utility2_npmtest_phantomjs2","            : global.utility2_moduleExports);","        // export local","        local.global.local = local;","    }());","    switch (local.modeJs) {","","","","    // post-init","    // run browser js-env code - post-init","    /* istanbul ignore next */","    case 'browser':","        local.testRunBrowser = function (event) {","            if (!event || (event &&","                    event.currentTarget &&","                    event.currentTarget.className &&","                    event.currentTarget.className.includes &&","                    event.currentTarget.className.includes('onreset'))) {","                // reset output","                Array.from(","                    document.querySelectorAll('body > .resettable')","                ).forEach(function (element) {","                    switch (element.tagName) {","                    case 'INPUT':","                    case 'TEXTAREA':","                        element.value = '';","                        break;","                    default:","                        element.textContent = '';","                    }","                });","            }","            switch (event && event.currentTarget && event.currentTarget.id) {","            case 'testRunButton1':","                // show tests","                if (document.querySelector('#testReportDiv1').style.display === 'none') {","                    document.querySelector('#testReportDiv1').style.display = 'block';","                    document.querySelector('#testRunButton1').textContent =","                        'hide internal test';","                    local.modeTest = true;","                    local.testRunDefault(local);","                // hide tests","                } else {","                    document.querySelector('#testReportDiv1').style.display = 'none';","                    document.querySelector('#testRunButton1').textContent = 'run internal test';","                }","                break;","            // custom-case","            default:","                break;","            }","            if (document.querySelector('#inputTextareaEval1') && (!event || (event &&","                    event.currentTarget &&","                    event.currentTarget.className &&","                    event.currentTarget.className.includes &&","                    event.currentTarget.className.includes('oneval')))) {","                // try to eval input-code","                try {","                    /*jslint evil: true*/","                    eval(document.querySelector('#inputTextareaEval1').value);","                } catch (errorCaught) {","                    console.error(errorCaught);","                }","            }","        };","        // log stderr and stdout to #outputTextareaStdout1","        ['error', 'log'].forEach(function (key) {","            console[key + '_original'] = console[key];","            console[key] = function () {","                var element;","                console[key + '_original'].apply(console, arguments);","                element = document.querySelector('#outputTextareaStdout1');","                if (!element) {","                    return;","                }","                // append text to #outputTextareaStdout1","                element.value += Array.from(arguments).map(function (arg) {","                    return typeof arg === 'string'","                        ? arg","                        : JSON.stringify(arg, null, 4);","                }).join(' ') + '\\n';","                // scroll textarea to bottom","                element.scrollTop = element.scrollHeight;","            };","        });","        // init event-handling","        ['change', 'click', 'keyup'].forEach(function (event) {","            Array.from(document.querySelectorAll('.on' + event)).forEach(function (element) {","                element.addEventListener(event, local.testRunBrowser);","            });","        });","        // run tests","        local.testRunBrowser();","        break;","","","","    // run node js-env code - post-init","    /* istanbul ignore next */","    case 'node':","        // export local","        module.exports = local;","        // require modules","        local.fs = require('fs');","        local.http = require('http');","        local.url = require('url');","        // init assets","        local.assetsDict = local.assetsDict || {};","        /* jslint-ignore-begin */","        local.assetsDict['/assets.index.template.html'] = '\\","<!doctype html>\\n\\","<html lang=\"en\">\\n\\","<head>\\n\\","<meta charset=\"UTF-8\">\\n\\","<meta name=\"viewport\" content=\"width=device-width, initial-scale=1\">\\n\\","<title>{{env.npm_package_name}} (v{{env.npm_package_version}})</title>\\n\\","<style>\\n\\","/*csslint\\n\\","    box-sizing: false,\\n\\","    universal-selector: false\\n\\","*/\\n\\","* {\\n\\","    box-sizing: border-box;\\n\\","}\\n\\","body {\\n\\","    background: #dde;\\n\\","    font-family: Arial, Helvetica, sans-serif;\\n\\","    margin: 2rem;\\n\\","}\\n\\","body > * {\\n\\","    margin-bottom: 1rem;\\n\\","}\\n\\",".utility2FooterDiv {\\n\\","    margin-top: 20px;\\n\\","    text-align: center;\\n\\","}\\n\\","</style>\\n\\","<style>\\n\\","/*csslint\\n\\","*/\\n\\","textarea {\\n\\","    font-family: monospace;\\n\\","    height: 10rem;\\n\\","    width: 100%;\\n\\","}\\n\\","textarea[readonly] {\\n\\","    background: #ddd;\\n\\","}\\n\\","</style>\\n\\","</head>\\n\\","<body>\\n\\","<!-- utility2-comment\\n\\","<div id=\"ajaxProgressDiv1\" style=\"background: #d00; height: 2px; left: 0; margin: 0; padding: 0; position: fixed; top: 0; transition: background 0.5s, width 1.5s; width: 25%;\"></div>\\n\\","utility2-comment -->\\n\\","<h1>\\n\\","<!-- utility2-comment\\n\\","    <a\\n\\","        {{#if env.npm_package_homepage}}\\n\\","        href=\"{{env.npm_package_homepage}}\"\\n\\","        {{/if env.npm_package_homepage}}\\n\\","        target=\"_blank\"\\n\\","    >\\n\\","utility2-comment -->\\n\\","        {{env.npm_package_name}} (v{{env.npm_package_version}})\\n\\","<!-- utility2-comment\\n\\","    </a>\\n\\","utility2-comment -->\\n\\","</h1>\\n\\","<h3>{{env.npm_package_description}}</h3>\\n\\","<!-- utility2-comment\\n\\","<h4><a download href=\"assets.app.js\">download standalone app</a></h4>\\n\\","<button class=\"onclick onreset\" id=\"testRunButton1\">run internal test</button><br>\\n\\","<div id=\"testReportDiv1\" style=\"display: none;\"></div>\\n\\","utility2-comment -->\\n\\","\\n\\","\\n\\","\\n\\","<label>stderr and stdout</label>\\n\\","<textarea class=\"resettable\" id=\"outputTextareaStdout1\" readonly></textarea>\\n\\","<!-- utility2-comment\\n\\","{{#if isRollup}}\\n\\","<script src=\"assets.app.js\"></script>\\n\\","{{#unless isRollup}}\\n\\","utility2-comment -->\\n\\","<script src=\"assets.utility2.rollup.js\"></script>\\n\\","<script src=\"jsonp.utility2._stateInit?callback=window.utility2._stateInit\"></script>\\n\\","<script src=\"assets.npmtest_phantomjs2.rollup.js\"></script>\\n\\","<script src=\"assets.example.js\"></script>\\n\\","<script src=\"assets.test.js\"></script>\\n\\","<!-- utility2-comment\\n\\","{{/if isRollup}}\\n\\","utility2-comment -->\\n\\","<div class=\"utility2FooterDiv\">\\n\\","    [ this app was created with\\n\\","    <a href=\"https://github.com/kaizhu256/node-utility2\" target=\"_blank\">utility2</a>\\n\\","    ]\\n\\","</div>\\n\\","</body>\\n\\","</html>\\n\\","';","        /* jslint-ignore-end */","        if (local.templateRender) {","            local.assetsDict['/'] = local.templateRender(","                local.assetsDict['/assets.index.template.html'],","                {","                    env: local.objectSetDefault(local.env, {","                        npm_package_description: 'the greatest app in the world!',","                        npm_package_name: 'my-app',","                        npm_package_nameAlias: 'my_app',","                        npm_package_version: '0.0.1'","                    })","                }","            );","        } else {","            local.assetsDict['/'] = local.assetsDict['/assets.index.template.html']","                .replace((/\\{\\{env\\.(\\w+?)\\}\\}/g), function (match0, match1) {","                    // jslint-hack","                    String(match0);","                    switch (match1) {","                    case 'npm_package_description':","                        return 'the greatest app in the world!';","                    case 'npm_package_name':","                        return 'my-app';","                    case 'npm_package_nameAlias':","                        return 'my_app';","                    case 'npm_package_version':","                        return '0.0.1';","                    }","                });","        }","        // run the cli","        if (local.global.utility2_rollup || module !== require.main) {","            break;","        }","        local.assetsDict['/assets.example.js'] =","            local.assetsDict['/assets.example.js'] ||","            local.fs.readFileSync(__filename, 'utf8');","        // bug-workaround - long $npm_package_buildCustomOrg","        /* jslint-ignore-begin */","        local.assetsDict['/assets.npmtest_phantomjs2.rollup.js'] =","            local.assetsDict['/assets.npmtest_phantomjs2.rollup.js'] ||","            local.fs.readFileSync(","                local.npmtest_phantomjs2.__dirname + '/lib.npmtest_phantomjs2.js',","                'utf8'","            ).replace((/^#!/), '//');","        /* jslint-ignore-end */","        local.assetsDict['/favicon.ico'] = local.assetsDict['/favicon.ico'] || '';","        // if $npm_config_timeout_exit exists,","        // then exit this process after $npm_config_timeout_exit ms","        if (Number(process.env.npm_config_timeout_exit)) {","            setTimeout(process.exit, Number(process.env.npm_config_timeout_exit));","        }","        // start server","        if (local.global.utility2_serverHttp1) {","            break;","        }","        process.env.PORT = process.env.PORT || '8081';","        console.error('server starting on port ' + process.env.PORT);","        local.http.createServer(function (request, response) {","            request.urlParsed = local.url.parse(request.url);","            if (local.assetsDict[request.urlParsed.pathname] !== undefined) {","                response.end(local.assetsDict[request.urlParsed.pathname]);","                return;","            }","            response.statusCode = 404;","            response.end();","        }).listen(process.env.PORT);","        break;","    }","}());",""],"l":{"26":2,"28":2,"33":2,"35":2,"37":2,"38":2,"39":2,"44":1,"51":2,"55":2,"59":2,"61":2,"69":1,"70":2,"76":2,"79":2,"82":2,"83":2,"85":1,"89":2,"92":1,"93":1,"94":1,"96":1,"97":1,"100":1,"101":1,"103":1,"106":1,"108":2,"114":1,"116":1,"118":1,"123":1,"124":2,"125":2,"126":3,"127":3,"128":3,"129":3,"130":1,"133":3,"134":3,"139":3,"143":1,"144":3,"145":1,"149":1,"150":1,"158":1,"160":1,"161":1,"162":1,"164":1,"166":1,"258":1,"259":1,"271":1,"274":6,"275":6,"277":1,"279":2,"281":1,"283":2,"288":1,"289":1,"291":1,"296":1,"303":1,"306":1,"307":1,"310":1,"311":1,"313":1,"314":1,"315":1,"316":1,"317":1,"318":1,"319":1,"321":1,"322":1,"324":1}},"/home/travis/build/npmtest/node-npmtest-phantomjs2/node_modules/phantomjs2/lib/phantomjs.js":{"path":"/home/travis/build/npmtest/node-npmtest-phantomjs2/node_modules/phantomjs2/lib/phantomjs.js","s":{"1":1,"2":1,"3":1,"4":1,"5":1,"6":0,"7":1,"8":1,"9":1,"10":1,"11":1,"12":1,"13":1,"14":1,"15":0},"b":{"1":[1,0],"2":[0,1]},"f":{"1":1},"fnMap":{"1":{"name":"(anonymous_1)","line":38,"loc":{"start":{"line":38,"column":20},"end":{"line":38,"column":36}}}},"statementMap":{"1":{"start":{"line":8,"column":0},"end":{"line":8,"column":22}},"2":{"start":{"line":9,"column":0},"end":{"line":9,"column":26}},"3":{"start":{"line":10,"column":0},"end":{"line":10,"column":28}},"4":{"start":{"line":17,"column":0},"end":{"line":22,"column":1}},"5":{"start":{"line":18,"column":2},"end":{"line":18,"column":72}},"6":{"start":{"line":21,"column":2},"end":{"line":21,"column":21}},"7":{"start":{"line":29,"column":0},"end":{"line":29,"column":25}},"8":{"start":{"line":38,"column":0},"end":{"line":44,"column":1}},"9":{"start":{"line":39,"column":2},"end":{"line":43,"column":25}},"10":{"start":{"line":49,"column":0},"end":{"line":61,"column":1}},"11":{"start":{"line":50,"column":2},"end":{"line":60,"column":3}},"12":{"start":{"line":52,"column":4},"end":{"line":52,"column":39}},"13":{"start":{"line":53,"column":4},"end":{"line":53,"column":30}},"14":{"start":{"line":54,"column":4},"end":{"line":56,"column":5}},"15":{"start":{"line":55,"column":6},"end":{"line":55,"column":39}}},"branchMap":{"1":{"line":49,"type":"if","locations":[{"start":{"line":49,"column":0},"end":{"line":49,"column":0}},{"start":{"line":49,"column":0},"end":{"line":49,"column":0}}]},"2":{"line":54,"type":"if","locations":[{"start":{"line":54,"column":4},"end":{"line":54,"column":4}},{"start":{"line":54,"column":4},"end":{"line":54,"column":4}}]}},"code":["// Copyright 2013 The Obvious Corporation.","","/**"," * @fileoverview Helpers made available via require('phantomjs') once package is"," * installed."," */","","var fs = require('fs')","var path = require('path')","var which = require('which')","","","/**"," * Where the phantom binary can be found."," * @type {string}"," */","try {","  exports.path = path.resolve(__dirname, require('./location').location)","} catch(e) {","  // Must be running inside install script.","  exports.path = null","}","","","/**"," * The version of phantomjs installed by this package."," * @type {number}"," */","exports.version = '2.1.1'","","","/**"," * Returns a clean path that helps avoid `which` finding bin files installed"," * by NPM for this repo."," * @param {string} path"," * @return {string}"," */","exports.cleanPath = function (path) {","  return path","      .replace(/:[^:]*node_modules[^:]*/g, '')","      .replace(/(^|:)\\.\\/bin(\\:|$)/g, ':')","      .replace(/^:+/, '')","      .replace(/:+$/, '')","}","","","// Make sure the binary is executable.  For some reason doing this inside","// install does not work correctly, likely due to some NPM step.","if (exports.path) {","  try {","    // avoid touching the binary if it's already got the correct permissions","    var st = fs.statSync(exports.path);","    var mode = st.mode | 0555;","    if (mode !== st.mode) {","      fs.chmodSync(exports.path, mode);","    }","  } catch (e) {","    // Just ignore error if we don't have permission.","    // We did our best. Likely because phantomjs was already installed.","  }","}",""],"l":{"8":1,"9":1,"10":1,"17":1,"18":1,"21":0,"29":1,"38":1,"39":1,"49":1,"50":1,"52":1,"53":1,"54":1,"55":0}},"/home/travis/build/npmtest/node-npmtest-phantomjs2/node_modules/phantomjs2/lib/location.js":{"path":"/home/travis/build/npmtest/node-npmtest-phantomjs2/node_modules/phantomjs2/lib/location.js","s":{"1":1},"b":{},"f":{},"fnMap":{},"statementMap":{"1":{"start":{"line":1,"column":0},"end":{"line":1,"column":49}}},"branchMap":{},"code":["module.exports.location = \"phantom/bin/phantomjs\""],"l":{"1":1}},"/home/travis/build/npmtest/node-npmtest-phantomjs2/node_modules/phantomjs2/install.js":{"path":"/home/travis/build/npmtest/node-npmtest-phantomjs2/node_modules/phantomjs2/install.js","s":{"1":1,"2":1,"3":1,"4":1,"5":1,"6":1,"7":1,"8":1,"9":1,"10":1,"11":1,"12":1,"13":1,"14":1,"15":1,"16":1,"17":1,"18":1,"19":0,"20":0,"21":0,"22":1,"23":1,"24":1,"25":1,"26":1,"27":1,"28":1,"29":1,"30":1,"31":1,"32":1,"33":1,"34":1,"35":1,"36":0,"37":0,"38":0,"39":0,"40":1,"41":1,"42":1,"43":1,"44":0,"45":0,"46":1,"47":1,"48":1,"49":0,"50":1,"51":1,"52":1,"53":1,"54":1,"55":1,"56":1,"57":1,"58":1,"59":1,"60":1,"61":1,"62":1,"63":1,"64":1,"65":1,"66":1,"67":0,"68":0,"69":0,"70":1,"71":0,"72":0,"73":0,"74":0,"75":0,"76":0,"77":0,"78":0,"79":0,"80":0,"81":0,"82":0,"83":0,"84":0,"85":0,"86":0,"87":0,"88":0,"89":1,"90":0,"91":0,"92":0,"93":0,"94":0,"95":0,"96":0,"97":0,"98":0,"99":0,"100":0,"101":0,"102":0,"103":0,"104":0,"105":0,"106":0,"107":0,"108":0,"109":0,"110":0,"111":0,"112":0,"113":0,"114":0,"115":0,"116":0,"117":1,"118":1,"119":1,"120":1,"121":1,"122":1,"123":1,"124":0,"125":0,"126":0,"127":0,"128":0,"129":0,"130":0,"131":1,"132":1,"133":1,"134":0,"135":0,"136":1,"137":1,"138":1,"139":1,"140":1,"141":1,"142":1,"143":0,"144":0,"145":1,"146":1,"147":1,"148":1,"149":1,"150":1,"151":1,"152":1,"153":1,"154":1,"155":1,"156":1,"157":0,"158":0,"159":1,"160":1,"161":1,"162":0,"163":0,"164":0,"165":0,"166":0,"167":0,"168":0,"169":0,"170":1,"171":1,"172":1,"173":0,"174":1,"175":1,"176":1,"177":1,"178":0,"179":0,"180":0,"181":0,"182":0,"183":0,"184":0,"185":0,"186":0,"187":1,"188":1,"189":1,"190":1,"191":0,"192":0,"193":1,"194":1,"195":1,"196":1,"197":1,"198":0,"199":0,"200":0,"201":1,"202":1,"203":1,"204":0,"205":0,"206":0,"207":0,"208":0,"209":0,"210":0,"211":0,"212":0},"b":{"1":[0,0],"2":[0,1],"3":[0,0],"4":[0,1],"5":[1,1],"6":[1,1,1],"7":[0,0],"8":[0,0,0],"9":[0,0],"10":[0,0],"11":[0,0],"12":[0,0],"13":[0,0],"14":[0,0],"15":[0,0],"16":[0,0,0],"17":[0,0],"18":[0,0],"19":[0,1],"20":[0,1],"21":[0,1],"22":[1,0],"23":[1,0],"24":[0,1],"25":[1,0],"26":[0,0],"27":[1,1],"28":[0,1],"29":[1,1,1],"30":[1,0],"31":[1,1],"32":[0,0],"33":[0,0],"34":[0,0],"35":[0,0,0],"36":[0,0],"37":[0,0],"38":[0,1],"39":[0,1],"40":[0,0]},"f":{"1":0,"2":1,"3":1,"4":1,"5":1,"6":1,"7":0,"8":1,"9":1,"10":1,"11":0,"12":0,"13":0,"14":0,"15":1,"16":1,"17":1,"18":1,"19":1,"20":0,"21":0,"22":0,"23":1,"24":1,"25":1,"26":0,"27":0,"28":0},"fnMap":{"1":{"name":"(anonymous_1)","line":31,"loc":{"start":{"line":31,"column":19},"end":{"line":31,"column":31}}},"2":{"name":"(anonymous_2)","line":62,"loc":{"start":{"line":62,"column":8},"end":{"line":62,"column":20}}},"3":{"name":"(anonymous_3)","line":65,"loc":{"start":{"line":65,"column":8},"end":{"line":65,"column":20}}},"4":{"name":"(anonymous_4)","line":68,"loc":{"start":{"line":68,"column":8},"end":{"line":68,"column":34}}},"5":{"name":"(anonymous_5)","line":71,"loc":{"start":{"line":71,"column":8},"end":{"line":71,"column":33}}},"6":{"name":"(anonymous_6)","line":74,"loc":{"start":{"line":74,"column":8},"end":{"line":74,"column":20}}},"7":{"name":"(anonymous_7)","line":96,"loc":{"start":{"line":96,"column":8},"end":{"line":96,"column":23}}},"8":{"name":"writeLocationFile","line":102,"loc":{"start":{"line":102,"column":0},"end":{"line":102,"column":37}}},"9":{"name":"exit","line":111,"loc":{"start":{"line":111,"column":0},"end":{"line":111,"column":20}}},"10":{"name":"findSuitableTempDirectory","line":118,"loc":{"start":{"line":118,"column":0},"end":{"line":118,"column":44}}},"11":{"name":"getRequestOptions","line":150,"loc":{"start":{"line":150,"column":0},"end":{"line":150,"column":33}}},"12":{"name":"requestBinary","line":195,"loc":{"start":{"line":195,"column":0},"end":{"line":195,"column":49}}},"13":{"name":"(anonymous_13)","line":202,"loc":{"start":{"line":202,"column":42},"end":{"line":202,"column":75}}},"14":{"name":"(anonymous_14)","line":231,"loc":{"start":{"line":231,"column":21},"end":{"line":231,"column":38}}},"15":{"name":"extractDownload","line":243,"loc":{"start":{"line":243,"column":0},"end":{"line":243,"column":35}}},"16":{"name":"(anonymous_16)","line":269,"loc":{"start":{"line":269,"column":51},"end":{"line":269,"column":66}}},"17":{"name":"copyIntoPlace","line":281,"loc":{"start":{"line":281,"column":0},"end":{"line":281,"column":50}}},"18":{"name":"tryPhantomjsOnPath","line":310,"loc":{"start":{"line":310,"column":0},"end":{"line":310,"column":30}}},"19":{"name":"(anonymous_19)","line":312,"loc":{"start":{"line":312,"column":8},"end":{"line":312,"column":26}}},"20":{"name":"(anonymous_20)","line":326,"loc":{"start":{"line":326,"column":53},"end":{"line":326,"column":72}}},"21":{"name":"(anonymous_21)","line":334,"loc":{"start":{"line":334,"column":5},"end":{"line":334,"column":17}}},"22":{"name":"(anonymous_22)","line":337,"loc":{"start":{"line":337,"column":8},"end":{"line":337,"column":23}}},"23":{"name":"getDownloadUrl","line":348,"loc":{"start":{"line":348,"column":0},"end":{"line":348,"column":26}}},"24":{"name":"downloadPhantomjs","line":384,"loc":{"start":{"line":384,"column":0},"end":{"line":384,"column":29}}},"25":{"name":"(anonymous_25)","line":394,"loc":{"start":{"line":394,"column":29},"end":{"line":394,"column":45}}},"26":{"name":"checkPhantomjsVersion","line":417,"loc":{"start":{"line":417,"column":0},"end":{"line":417,"column":44}}},"27":{"name":"(anonymous_27)","line":419,"loc":{"start":{"line":419,"column":66},"end":{"line":419,"column":84}}},"28":{"name":"(anonymous_28)","line":427,"loc":{"start":{"line":427,"column":10},"end":{"line":427,"column":25}}}},"statementMap":{"1":{"start":{"line":9,"column":0},"end":{"line":9,"column":49}},"2":{"start":{"line":10,"column":0},"end":{"line":10,"column":34}},"3":{"start":{"line":11,"column":0},"end":{"line":11,"column":31}},"4":{"start":{"line":12,"column":0},"end":{"line":12,"column":33}},"5":{"start":{"line":13,"column":0},"end":{"line":13,"column":28}},"6":{"start":{"line":14,"column":0},"end":{"line":14,"column":26}},"7":{"start":{"line":15,"column":0},"end":{"line":15,"column":39}},"8":{"start":{"line":16,"column":0},"end":{"line":16,"column":24}},"9":{"start":{"line":17,"column":0},"end":{"line":17,"column":30}},"10":{"start":{"line":18,"column":0},"end":{"line":18,"column":32}},"11":{"start":{"line":19,"column":0},"end":{"line":19,"column":26}},"12":{"start":{"line":20,"column":0},"end":{"line":20,"column":32}},"13":{"start":{"line":21,"column":0},"end":{"line":21,"column":22}},"14":{"start":{"line":22,"column":0},"end":{"line":22,"column":24}},"15":{"start":{"line":23,"column":0},"end":{"line":23,"column":28}},"16":{"start":{"line":26,"column":0},"end":{"line":26,"column":35}},"17":{"start":{"line":29,"column":0},"end":{"line":29,"column":21}},"18":{"start":{"line":31,"column":0},"end":{"line":36,"column":2}},"19":{"start":{"line":32,"column":2},"end":{"line":35,"column":3}},"20":{"start":{"line":33,"column":4},"end":{"line":33,"column":46}},"21":{"start":{"line":34,"column":4},"end":{"line":34,"column":11}},"22":{"start":{"line":41,"column":0},"end":{"line":41,"column":49}},"23":{"start":{"line":43,"column":0},"end":{"line":43,"column":41}},"24":{"start":{"line":44,"column":0},"end":{"line":44,"column":50}},"25":{"start":{"line":45,"column":0},"end":{"line":45,"column":22}},"26":{"start":{"line":46,"column":0},"end":{"line":46,"column":18}},"27":{"start":{"line":48,"column":0},"end":{"line":48,"column":45}},"28":{"start":{"line":61,"column":0},"end":{"line":99,"column":4}},"29":{"start":{"line":63,"column":4},"end":{"line":63,"column":31}},"30":{"start":{"line":66,"column":4},"end":{"line":66,"column":30}},"31":{"start":{"line":69,"column":4},"end":{"line":69,"column":42}},"32":{"start":{"line":72,"column":4},"end":{"line":72,"column":48}},"33":{"start":{"line":75,"column":4},"end":{"line":77,"column":39}},"34":{"start":{"line":79,"column":4},"end":{"line":88,"column":5}},"35":{"start":{"line":81,"column":6},"end":{"line":81,"column":35}},"36":{"start":{"line":83,"column":6},"end":{"line":86,"column":7}},"37":{"start":{"line":84,"column":8},"end":{"line":84,"column":89}},"38":{"start":{"line":85,"column":8},"end":{"line":85,"column":15}},"39":{"start":{"line":87,"column":6},"end":{"line":87,"column":15}},"40":{"start":{"line":90,"column":4},"end":{"line":90,"column":59}},"41":{"start":{"line":91,"column":4},"end":{"line":91,"column":39}},"42":{"start":{"line":93,"column":4},"end":{"line":93,"column":64}},"43":{"start":{"line":94,"column":4},"end":{"line":94,"column":11}},"44":{"start":{"line":97,"column":4},"end":{"line":97,"column":64}},"45":{"start":{"line":98,"column":4},"end":{"line":98,"column":11}},"46":{"start":{"line":102,"column":0},"end":{"line":109,"column":1}},"47":{"start":{"line":103,"column":2},"end":{"line":103,"column":41}},"48":{"start":{"line":104,"column":2},"end":{"line":106,"column":3}},"49":{"start":{"line":105,"column":4},"end":{"line":105,"column":46}},"50":{"start":{"line":107,"column":2},"end":{"line":108,"column":53}},"51":{"start":{"line":111,"column":0},"end":{"line":115,"column":1}},"52":{"start":{"line":112,"column":2},"end":{"line":112,"column":18}},"53":{"start":{"line":113,"column":2},"end":{"line":113,"column":33}},"54":{"start":{"line":114,"column":2},"end":{"line":114,"column":25}},"55":{"start":{"line":118,"column":0},"end":{"line":147,"column":1}},"56":{"start":{"line":119,"column":2},"end":{"line":119,"column":22}},"57":{"start":{"line":120,"column":2},"end":{"line":124,"column":3}},"58":{"start":{"line":126,"column":2},"end":{"line":141,"column":3}},"59":{"start":{"line":127,"column":4},"end":{"line":127,"column":67}},"60":{"start":{"line":129,"column":4},"end":{"line":140,"column":5}},"61":{"start":{"line":130,"column":6},"end":{"line":130,"column":42}},"62":{"start":{"line":133,"column":6},"end":{"line":133,"column":41}},"63":{"start":{"line":134,"column":6},"end":{"line":134,"column":59}},"64":{"start":{"line":135,"column":6},"end":{"line":135,"column":40}},"65":{"start":{"line":136,"column":6},"end":{"line":136,"column":29}},"66":{"start":{"line":137,"column":6},"end":{"line":137,"column":26}},"67":{"start":{"line":139,"column":6},"end":{"line":139,"column":63}},"68":{"start":{"line":143,"column":2},"end":{"line":145,"column":33}},"69":{"start":{"line":146,"column":2},"end":{"line":146,"column":9}},"70":{"start":{"line":150,"column":0},"end":{"line":192,"column":1}},"71":{"start":{"line":151,"column":2},"end":{"line":151,"column":40}},"72":{"start":{"line":152,"column":2},"end":{"line":155,"column":3}},"73":{"start":{"line":153,"column":4},"end":{"line":153,"column":115}},"74":{"start":{"line":154,"column":4},"end":{"line":154,"column":21}},"75":{"start":{"line":158,"column":2},"end":{"line":164,"column":3}},"76":{"start":{"line":166,"column":2},"end":{"line":166,"column":87}},"77":{"start":{"line":167,"column":2},"end":{"line":182,"column":3}},"78":{"start":{"line":170,"column":4},"end":{"line":170,"column":35}},"79":{"start":{"line":171,"column":4},"end":{"line":174,"column":5}},"80":{"start":{"line":173,"column":6},"end":{"line":173,"column":56}},"81":{"start":{"line":175,"column":4},"end":{"line":175,"column":51}},"82":{"start":{"line":178,"column":4},"end":{"line":178,"column":28}},"83":{"start":{"line":181,"column":4},"end":{"line":181,"column":58}},"84":{"start":{"line":185,"column":2},"end":{"line":185,"column":25}},"85":{"start":{"line":186,"column":2},"end":{"line":189,"column":3}},"86":{"start":{"line":187,"column":4},"end":{"line":187,"column":35}},"87":{"start":{"line":188,"column":4},"end":{"line":188,"column":19}},"88":{"start":{"line":191,"column":2},"end":{"line":191,"column":16}},"89":{"start":{"line":195,"column":0},"end":{"line":240,"column":1}},"90":{"start":{"line":196,"column":2},"end":{"line":196,"column":28}},"91":{"start":{"line":198,"column":2},"end":{"line":198,"column":54}},"92":{"start":{"line":200,"column":2},"end":{"line":200,"column":29}},"93":{"start":{"line":201,"column":2},"end":{"line":201,"column":16}},"94":{"start":{"line":202,"column":2},"end":{"line":237,"column":4}},"95":{"start":{"line":203,"column":4},"end":{"line":203,"column":19}},"96":{"start":{"line":204,"column":4},"end":{"line":230,"column":5}},"97":{"start":{"line":205,"column":6},"end":{"line":205,"column":39}},"98":{"start":{"line":206,"column":6},"end":{"line":206,"column":76}},"99":{"start":{"line":207,"column":6},"end":{"line":207,"column":40}},"100":{"start":{"line":208,"column":6},"end":{"line":208,"column":32}},"101":{"start":{"line":210,"column":11},"end":{"line":230,"column":5}},"102":{"start":{"line":211,"column":6},"end":{"line":217,"column":48}},"103":{"start":{"line":218,"column":6},"end":{"line":218,"column":13}},"104":{"start":{"line":219,"column":11},"end":{"line":230,"column":5}},"105":{"start":{"line":220,"column":6},"end":{"line":220,"column":219}},"106":{"start":{"line":221,"column":6},"end":{"line":221,"column":13}},"107":{"start":{"line":222,"column":11},"end":{"line":230,"column":5}},"108":{"start":{"line":223,"column":6},"end":{"line":224,"column":79}},"109":{"start":{"line":225,"column":6},"end":{"line":225,"column":13}},"110":{"start":{"line":227,"column":6},"end":{"line":228,"column":55}},"111":{"start":{"line":229,"column":6},"end":{"line":229,"column":13}},"112":{"start":{"line":232,"column":4},"end":{"line":234,"column":5}},"113":{"start":{"line":233,"column":6},"end":{"line":233,"column":84}},"114":{"start":{"line":235,"column":4},"end":{"line":235,"column":29}},"115":{"start":{"line":236,"column":4},"end":{"line":236,"column":15}},"116":{"start":{"line":239,"column":2},"end":{"line":239,"column":25}},"117":{"start":{"line":243,"column":0},"end":{"line":279,"column":1}},"118":{"start":{"line":244,"column":2},"end":{"line":244,"column":28}},"119":{"start":{"line":247,"column":2},"end":{"line":247,"column":57}},"120":{"start":{"line":248,"column":2},"end":{"line":248,"column":36}},"121":{"start":{"line":250,"column":2},"end":{"line":250,"column":38}},"122":{"start":{"line":253,"column":2},"end":{"line":253,"column":37}},"123":{"start":{"line":255,"column":2},"end":{"line":277,"column":3}},"124":{"start":{"line":256,"column":4},"end":{"line":256,"column":42}},"125":{"start":{"line":258,"column":4},"end":{"line":265,"column":5}},"126":{"start":{"line":259,"column":6},"end":{"line":259,"column":36}},"127":{"start":{"line":260,"column":6},"end":{"line":260,"column":43}},"128":{"start":{"line":261,"column":6},"end":{"line":261,"column":37}},"129":{"start":{"line":263,"column":6},"end":{"line":263,"column":43}},"130":{"start":{"line":264,"column":6},"end":{"line":264,"column":26}},"131":{"start":{"line":268,"column":4},"end":{"line":268,"column":64}},"132":{"start":{"line":269,"column":4},"end":{"line":276,"column":6}},"133":{"start":{"line":270,"column":6},"end":{"line":275,"column":7}},"134":{"start":{"line":271,"column":8},"end":{"line":271,"column":49}},"135":{"start":{"line":272,"column":8},"end":{"line":272,"column":28}},"136":{"start":{"line":274,"column":8},"end":{"line":274,"column":39}},"137":{"start":{"line":278,"column":2},"end":{"line":278,"column":25}},"138":{"start":{"line":281,"column":0},"end":{"line":305,"column":1}},"139":{"start":{"line":282,"column":2},"end":{"line":282,"column":25}},"140":{"start":{"line":284,"column":2},"end":{"line":284,"column":75}},"141":{"start":{"line":285,"column":2},"end":{"line":285,"column":20}},"142":{"start":{"line":287,"column":2},"end":{"line":290,"column":3}},"143":{"start":{"line":288,"column":4},"end":{"line":288,"column":77}},"144":{"start":{"line":289,"column":4},"end":{"line":289,"column":74}},"145":{"start":{"line":292,"column":2},"end":{"line":303,"column":3}},"146":{"start":{"line":293,"column":4},"end":{"line":293,"column":23}},"147":{"start":{"line":295,"column":4},"end":{"line":302,"column":5}},"148":{"start":{"line":296,"column":6},"end":{"line":296,"column":69}},"149":{"start":{"line":297,"column":6},"end":{"line":297,"column":59}},"150":{"start":{"line":298,"column":6},"end":{"line":299,"column":27}},"151":{"start":{"line":299,"column":8},"end":{"line":299,"column":27}},"152":{"start":{"line":301,"column":6},"end":{"line":301,"column":44}},"153":{"start":{"line":310,"column":0},"end":{"line":341,"column":1}},"154":{"start":{"line":311,"column":2},"end":{"line":340,"column":4}},"155":{"start":{"line":313,"column":4},"end":{"line":313,"column":24}},"156":{"start":{"line":317,"column":4},"end":{"line":320,"column":5}},"157":{"start":{"line":318,"column":6},"end":{"line":318,"column":110}},"158":{"start":{"line":319,"column":6},"end":{"line":319,"column":12}},"159":{"start":{"line":322,"column":4},"end":{"line":322,"column":55}},"160":{"start":{"line":323,"column":4},"end":{"line":333,"column":5}},"161":{"start":{"line":324,"column":6},"end":{"line":324,"column":99}},"162":{"start":{"line":326,"column":6},"end":{"line":332,"column":8}},"163":{"start":{"line":327,"column":8},"end":{"line":331,"column":9}},"164":{"start":{"line":328,"column":10},"end":{"line":328,"column":40}},"165":{"start":{"line":329,"column":10},"end":{"line":329,"column":77}},"166":{"start":{"line":330,"column":10},"end":{"line":330,"column":17}},"167":{"start":{"line":335,"column":4},"end":{"line":335,"column":46}},"168":{"start":{"line":338,"column":4},"end":{"line":338,"column":57}},"169":{"start":{"line":339,"column":4},"end":{"line":339,"column":16}},"170":{"start":{"line":348,"column":0},"end":{"line":378,"column":1}},"171":{"start":{"line":349,"column":2},"end":{"line":349,"column":101}},"172":{"start":{"line":350,"column":2},"end":{"line":351,"column":22}},"173":{"start":{"line":351,"column":4},"end":{"line":351,"column":22}},"174":{"start":{"line":353,"column":2},"end":{"line":355,"column":55}},"175":{"start":{"line":357,"column":2},"end":{"line":357,"column":61}},"176":{"start":{"line":359,"column":2},"end":{"line":375,"column":3}},"177":{"start":{"line":360,"column":4},"end":{"line":360,"column":41}},"178":{"start":{"line":361,"column":9},"end":{"line":375,"column":3}},"179":{"start":{"line":362,"column":4},"end":{"line":362,"column":39}},"180":{"start":{"line":363,"column":9},"end":{"line":375,"column":3}},"181":{"start":{"line":364,"column":4},"end":{"line":364,"column":31}},"182":{"start":{"line":368,"column":4},"end":{"line":369,"column":114}},"183":{"start":{"line":369,"column":6},"end":{"line":369,"column":114}},"184":{"start":{"line":371,"column":9},"end":{"line":375,"column":3}},"185":{"start":{"line":372,"column":4},"end":{"line":372,"column":32}},"186":{"start":{"line":374,"column":4},"end":{"line":374,"column":15}},"187":{"start":{"line":377,"column":2},"end":{"line":377,"column":20}},"188":{"start":{"line":384,"column":0},"end":{"line":411,"column":1}},"189":{"start":{"line":385,"column":2},"end":{"line":385,"column":36}},"190":{"start":{"line":386,"column":2},"end":{"line":392,"column":3}},"191":{"start":{"line":387,"column":4},"end":{"line":390,"column":44}},"192":{"start":{"line":391,"column":4},"end":{"line":391,"column":11}},"193":{"start":{"line":394,"column":2},"end":{"line":410,"column":4}},"194":{"start":{"line":395,"column":4},"end":{"line":395,"column":45}},"195":{"start":{"line":398,"column":4},"end":{"line":398,"column":47}},"196":{"start":{"line":399,"column":4},"end":{"line":399,"column":53}},"197":{"start":{"line":402,"column":4},"end":{"line":409,"column":5}},"198":{"start":{"line":403,"column":6},"end":{"line":403,"column":45}},"199":{"start":{"line":404,"column":6},"end":{"line":404,"column":46}},"200":{"start":{"line":405,"column":6},"end":{"line":405,"column":67}},"201":{"start":{"line":407,"column":6},"end":{"line":407,"column":66}},"202":{"start":{"line":408,"column":6},"end":{"line":408,"column":27}},"203":{"start":{"line":417,"column":0},"end":{"line":431,"column":1}},"204":{"start":{"line":418,"column":2},"end":{"line":418,"column":64}},"205":{"start":{"line":419,"column":2},"end":{"line":430,"column":4}},"206":{"start":{"line":420,"column":4},"end":{"line":420,"column":31}},"207":{"start":{"line":421,"column":4},"end":{"line":426,"column":5}},"208":{"start":{"line":422,"column":6},"end":{"line":422,"column":17}},"209":{"start":{"line":424,"column":6},"end":{"line":424,"column":97}},"210":{"start":{"line":425,"column":6},"end":{"line":425,"column":18}},"211":{"start":{"line":428,"column":4},"end":{"line":428,"column":63}},"212":{"start":{"line":429,"column":4},"end":{"line":429,"column":16}}},"branchMap":{"1":{"line":32,"type":"if","locations":[{"start":{"line":32,"column":2},"end":{"line":32,"column":2}},{"start":{"line":32,"column":2},"end":{"line":32,"column":2}}]},"2":{"line":75,"type":"cond-expr","locations":[{"start":{"line":76,"column":8},"end":{"line":76,"column":43}},{"start":{"line":77,"column":8},"end":{"line":77,"column":39}}]},"3":{"line":83,"type":"if","locations":[{"start":{"line":83,"column":6},"end":{"line":83,"column":6}},{"start":{"line":83,"column":6},"end":{"line":83,"column":6}}]},"4":{"line":104,"type":"if","locations":[{"start":{"line":104,"column":2},"end":{"line":104,"column":2}},{"start":{"line":104,"column":2},"end":{"line":104,"column":2}}]},"5":{"line":114,"type":"binary-expr","locations":[{"start":{"line":114,"column":15},"end":{"line":114,"column":19}},{"start":{"line":114,"column":23},"end":{"line":114,"column":24}}]},"6":{"line":121,"type":"binary-expr","locations":[{"start":{"line":121,"column":4},"end":{"line":121,"column":20}},{"start":{"line":121,"column":24},"end":{"line":121,"column":42}},{"start":{"line":121,"column":46},"end":{"line":121,"column":64}}]},"7":{"line":152,"type":"if","locations":[{"start":{"line":152,"column":2},"end":{"line":152,"column":2}},{"start":{"line":152,"column":2},"end":{"line":152,"column":2}}]},"8":{"line":166,"type":"binary-expr","locations":[{"start":{"line":166,"column":17},"end":{"line":166,"column":40}},{"start":{"line":166,"column":44},"end":{"line":166,"column":66}},{"start":{"line":166,"column":70},"end":{"line":166,"column":87}}]},"9":{"line":167,"type":"if","locations":[{"start":{"line":167,"column":2},"end":{"line":167,"column":2}},{"start":{"line":167,"column":2},"end":{"line":167,"column":2}}]},"10":{"line":171,"type":"if","locations":[{"start":{"line":171,"column":4},"end":{"line":171,"column":4}},{"start":{"line":171,"column":4},"end":{"line":171,"column":4}}]},"11":{"line":186,"type":"if","locations":[{"start":{"line":186,"column":2},"end":{"line":186,"column":2}},{"start":{"line":186,"column":2},"end":{"line":186,"column":2}}]},"12":{"line":204,"type":"if","locations":[{"start":{"line":204,"column":4},"end":{"line":204,"column":4}},{"start":{"line":204,"column":4},"end":{"line":204,"column":4}}]},"13":{"line":204,"type":"binary-expr","locations":[{"start":{"line":204,"column":8},"end":{"line":204,"column":14}},{"start":{"line":204,"column":18},"end":{"line":204,"column":45}}]},"14":{"line":210,"type":"if","locations":[{"start":{"line":210,"column":11},"end":{"line":210,"column":11}},{"start":{"line":210,"column":11},"end":{"line":210,"column":11}}]},"15":{"line":219,"type":"if","locations":[{"start":{"line":219,"column":11},"end":{"line":219,"column":11}},{"start":{"line":219,"column":11},"end":{"line":219,"column":11}}]},"16":{"line":219,"type":"binary-expr","locations":[{"start":{"line":219,"column":15},"end":{"line":219,"column":20}},{"start":{"line":219,"column":24},"end":{"line":219,"column":35}},{"start":{"line":219,"column":39},"end":{"line":219,"column":93}}]},"17":{"line":222,"type":"if","locations":[{"start":{"line":222,"column":11},"end":{"line":222,"column":11}},{"start":{"line":222,"column":11},"end":{"line":222,"column":11}}]},"18":{"line":232,"type":"if","locations":[{"start":{"line":232,"column":4},"end":{"line":232,"column":4}},{"start":{"line":232,"column":4},"end":{"line":232,"column":4}}]},"19":{"line":255,"type":"if","locations":[{"start":{"line":255,"column":2},"end":{"line":255,"column":2}},{"start":{"line":255,"column":2},"end":{"line":255,"column":2}}]},"20":{"line":270,"type":"if","locations":[{"start":{"line":270,"column":6},"end":{"line":270,"column":6}},{"start":{"line":270,"column":6},"end":{"line":270,"column":6}}]},"21":{"line":287,"type":"if","locations":[{"start":{"line":287,"column":2},"end":{"line":287,"column":2}},{"start":{"line":287,"column":2},"end":{"line":287,"column":2}}]},"22":{"line":295,"type":"if","locations":[{"start":{"line":295,"column":4},"end":{"line":295,"column":4}},{"start":{"line":295,"column":4},"end":{"line":295,"column":4}}]},"23":{"line":298,"type":"if","locations":[{"start":{"line":298,"column":6},"end":{"line":298,"column":6}},{"start":{"line":298,"column":6},"end":{"line":298,"column":6}}]},"24":{"line":317,"type":"if","locations":[{"start":{"line":317,"column":4},"end":{"line":317,"column":4}},{"start":{"line":317,"column":4},"end":{"line":317,"column":4}}]},"25":{"line":323,"type":"if","locations":[{"start":{"line":323,"column":4},"end":{"line":323,"column":4}},{"start":{"line":323,"column":4},"end":{"line":323,"column":4}}]},"26":{"line":327,"type":"if","locations":[{"start":{"line":327,"column":8},"end":{"line":327,"column":8}},{"start":{"line":327,"column":8},"end":{"line":327,"column":8}}]},"27":{"line":349,"type":"binary-expr","locations":[{"start":{"line":349,"column":20},"end":{"line":349,"column":64}},{"start":{"line":349,"column":68},"end":{"line":349,"column":101}}]},"28":{"line":350,"type":"if","locations":[{"start":{"line":350,"column":2},"end":{"line":350,"column":2}},{"start":{"line":350,"column":2},"end":{"line":350,"column":2}}]},"29":{"line":353,"type":"binary-expr","locations":[{"start":{"line":353,"column":15},"end":{"line":353,"column":54}},{"start":{"line":354,"column":6},"end":{"line":354,"column":34}},{"start":{"line":355,"column":6},"end":{"line":355,"column":55}}]},"30":{"line":359,"type":"if","locations":[{"start":{"line":359,"column":2},"end":{"line":359,"column":2}},{"start":{"line":359,"column":2},"end":{"line":359,"column":2}}]},"31":{"line":359,"type":"binary-expr","locations":[{"start":{"line":359,"column":6},"end":{"line":359,"column":34}},{"start":{"line":359,"column":38},"end":{"line":359,"column":60}}]},"32":{"line":361,"type":"if","locations":[{"start":{"line":361,"column":9},"end":{"line":361,"column":9}},{"start":{"line":361,"column":9},"end":{"line":361,"column":9}}]},"33":{"line":361,"type":"binary-expr","locations":[{"start":{"line":361,"column":13},"end":{"line":361,"column":41}},{"start":{"line":361,"column":45},"end":{"line":361,"column":67}}]},"34":{"line":363,"type":"if","locations":[{"start":{"line":363,"column":9},"end":{"line":363,"column":9}},{"start":{"line":363,"column":9},"end":{"line":363,"column":9}}]},"35":{"line":363,"type":"binary-expr","locations":[{"start":{"line":363,"column":13},"end":{"line":363,"column":42}},{"start":{"line":363,"column":46},"end":{"line":363,"column":76}},{"start":{"line":363,"column":80},"end":{"line":363,"column":110}}]},"36":{"line":368,"type":"if","locations":[{"start":{"line":368,"column":4},"end":{"line":368,"column":4}},{"start":{"line":368,"column":4},"end":{"line":368,"column":4}}]},"37":{"line":371,"type":"if","locations":[{"start":{"line":371,"column":9},"end":{"line":371,"column":9}},{"start":{"line":371,"column":9},"end":{"line":371,"column":9}}]},"38":{"line":386,"type":"if","locations":[{"start":{"line":386,"column":2},"end":{"line":386,"column":2}},{"start":{"line":386,"column":2},"end":{"line":386,"column":2}}]},"39":{"line":402,"type":"if","locations":[{"start":{"line":402,"column":4},"end":{"line":402,"column":4}},{"start":{"line":402,"column":4},"end":{"line":402,"column":4}}]},"40":{"line":421,"type":"if","locations":[{"start":{"line":421,"column":4},"end":{"line":421,"column":4}},{"start":{"line":421,"column":4},"end":{"line":421,"column":4}}]}},"code":["// Copyright 2012 The Obvious Corporation.","","/*"," * This simply fetches the right version of phantom for the current platform."," */","","'use strict'","","var requestProgress = require('request-progress')","var progress = require('progress')","var AdmZip = require('adm-zip')","var cp = require('child_process')","var fs = require('fs-extra')","var glob = require('glob')","var helper = require('./lib/phantomjs')","var kew = require('kew')","var mkdirp = require('mkdirp')","var npmconf = require('npmconf')","var path = require('path')","var request = require('request')","var os = require('os')","var url = require('url')","var which = require('which')","","","var originalPath = process.env.PATH","","// If the process exits without going through exit(), then we did not complete.","var validExit = false","","process.on('exit', function () {","  if (!validExit) {","    console.log('Install exited unexpectedly')","    exit(1)","  }","})","","// NPM adds bin directories to the path, which will cause `which` to find the","// bin for this package not the actual phantomjs bin.  Also help out people who","// put ./bin on their path","process.env.PATH = helper.cleanPath(originalPath)","","var libPath = path.join(__dirname, 'lib')","var pkgPath = path.join(libPath, 'phantom', 'bin')","var phantomPath = null","var tmpPath = null","","var npmConfPromise = kew.nfcall(npmconf.load)","","// If the user manually installed PhantomJS, we want","// to use the existing version.","//","// Do not re-use a manually-installed PhantomJS with","// a different version.","//","// Do not re-use an npm-installed PhantomJS, because","// that can lead to weird circular dependencies between","// local versions and global versions.","// https://github.com/Obvious/phantomjs/issues/85","// https://github.com/Medium/phantomjs/pull/184","kew.resolve(true)","  .then(function () {","    return tryPhantomjsOnPath()","  })","  .then(function () {","    return downloadPhantomjs()","  })","  .then(function (downloadedFile) {","    return extractDownload(downloadedFile)","  })","  .then(function (extractedPath) {","    return copyIntoPlace(extractedPath, pkgPath)","  })","  .then(function () {","    var location = process.platform === 'win32' ?","        path.join(pkgPath, 'phantomjs.exe') :","        path.join(pkgPath, 'phantomjs')","","    try {","      // Ensure executable is executable by all users","      fs.chmodSync(location, '755')","    } catch (err) {","      if (err.code == 'ENOENT') {","        console.error('chmod failed: phantomjs was not successfully copied to', location)","        exit(1)","      }","      throw err","    }","","    var relativeLocation = path.relative(libPath, location)","    writeLocationFile(relativeLocation)","","    console.log('Done. Phantomjs binary available at', location)","    exit(0)","  })","  .fail(function (err) {","    console.error('Phantom installation failed', err, err.stack)","    exit(1)","  })","","","function writeLocationFile(location) {","  console.log('Writing location.js file')","  if (process.platform === 'win32') {","    location = location.replace(/\\\\/g, '\\\\\\\\')","  }","  fs.writeFileSync(path.join(libPath, 'location.js'),","      'module.exports.location = \"' + location + '\"')","}","","function exit(code) {","  validExit = true","  process.env.PATH = originalPath","  process.exit(code || 0)","}","","","function findSuitableTempDirectory(npmConf) {","  var now = Date.now()","  var candidateTmpDirs = [","    process.env.TEMP || process.env.TMPDIR || npmConf.get('tmp'),","    '/tmp',","    path.join(process.cwd(), 'tmp')","  ]","","  for (var i = 0; i < candidateTmpDirs.length; i++) {","    var candidatePath = path.join(candidateTmpDirs[i], 'phantomjs')","","    try {","      fs.mkdirsSync(candidatePath, '0777')","      // Make double sure we have 0777 permissions; some operating systems","      // default umask does not allow write by default.","      fs.chmodSync(candidatePath, '0777')","      var testFile = path.join(candidatePath, now + '.tmp')","      fs.writeFileSync(testFile, 'test')","      fs.unlinkSync(testFile)","      return candidatePath","    } catch (e) {","      console.log(candidatePath, 'is not writable:', e.message)","    }","  }","","  console.error('Can not find a writable tmp directory, please report issue ' +","      'on https://github.com/Obvious/phantomjs/issues/59 with as much ' +","      'information as possible.')","  exit(1)","}","","","function getRequestOptions(conf) {","  var strictSSL = conf.get('strict-ssl')","  if (process.version == 'v0.10.34') {","    console.log('Node v0.10.34 detected, turning off strict ssl due to https://github.com/joyent/node/issues/8894')","    strictSSL = false","  }","","","  var options = {","    uri: getDownloadUrl(),","    encoding: null, // Get response as a buffer","    followRedirect: true, // The default download path redirects to a CDN URL.","    headers: {},","    strictSSL: strictSSL","  }","","  var proxyUrl = conf.get('https-proxy') || conf.get('http-proxy') || conf.get('proxy')","  if (proxyUrl) {","","    // Print using proxy","    var proxy = url.parse(proxyUrl)","    if (proxy.auth) {","      // Mask password","      proxy.auth = proxy.auth.replace(/:.*$/, ':******')","    }","    console.log('Using proxy ' + url.format(proxy))","","    // Enable proxy","    options.proxy = proxyUrl","","    // If going through proxy, use the user-agent string from the npm config","    options.headers['User-Agent'] = conf.get('user-agent')","  }","","  // Use certificate authority settings from npm","  var ca = conf.get('ca')","  if (ca) {","    console.log('Using npmconf ca')","    options.ca = ca","  }","","  return options","}","","","function requestBinary(requestOptions, filePath) {","  var deferred = kew.defer()","","  var writePath = filePath + '-download-' + Date.now()","","  console.log('Receiving...')","  var bar = null","  requestProgress(request(requestOptions, function (error, response, body) {","    console.log('')","    if (!error && response.statusCode === 200) {","      fs.writeFileSync(writePath, body)","      console.log('Received ' + Math.floor(body.length / 1024) + 'K total.')","      fs.renameSync(writePath, filePath)","      deferred.resolve(filePath)","","    } else if (response) {","      console.error('Error requesting archive.\\n' +","          'Status: ' + response.statusCode + '\\n' +","          'Request options: ' + JSON.stringify(requestOptions, null, 2) + '\\n' +","          'Response headers: ' + JSON.stringify(response.headers, null, 2) + '\\n' +","          'Make sure your network and proxy settings are correct.\\n\\n' +","          'If you continue to have issues, please report this full log at ' +","          'https://github.com/Medium/phantomjs')","      exit(1)","    } else if (error && error.stack && error.stack.indexOf('SELF_SIGNED_CERT_IN_CHAIN') != -1) {","      console.error('Error making request, SELF_SIGNED_CERT_IN_CHAIN. Please read https://github.com/Medium/phantomjs#i-am-behind-a-corporate-proxy-that-uses-self-signed-ssl-certificates-to-intercept-encrypted-traffic')","      exit(1)","    } else if (error) {","      console.error('Error making request.\\n' + error.stack + '\\n\\n' +","          'Please report this full log at https://github.com/Medium/phantomjs')","      exit(1)","    } else {","      console.error('Something unexpected happened, please report this full ' +","          'log at https://github.com/Medium/phantomjs')","      exit(1)","    }","  })).on('progress', function (state) {","    if (!bar) {","      bar = new progress('  [:bar] :percent :etas', {total: state.total, width: 40})","    }","    bar.curr = state.received","    bar.tick(0)","  })","","  return deferred.promise","}","","","function extractDownload(filePath) {","  var deferred = kew.defer()","  // extract to a unique directory in case multiple processes are","  // installing and extracting at once","  var extractedPath = filePath + '-extract-' + Date.now()","  var options = {cwd: extractedPath}","","  fs.mkdirsSync(extractedPath, '0777')","  // Make double sure we have 0777 permissions; some operating systems","  // default umask does not allow write by default.","  fs.chmodSync(extractedPath, '0777')","","  if (filePath.substr(-4) === '.zip') {","    console.log('Extracting zip contents')","","    try {","      var zip = new AdmZip(filePath)","      zip.extractAllTo(extractedPath, true)","      deferred.resolve(extractedPath)","    } catch (err) {","      console.error('Error extracting zip')","      deferred.reject(err)","    }","","  } else {","    console.log('Extracting tar contents (via spawned process)')","    cp.execFile('tar', ['jxf', filePath], options, function (err) {","      if (err) {","        console.error('Error extracting archive')","        deferred.reject(err)","      } else {","        deferred.resolve(extractedPath)","      }","    })","  }","  return deferred.promise","}","","function copyIntoPlace(extractedPath, targetPath) {","  mkdirp.sync(targetPath)","","  var files = glob.sync(path.join(extractedPath, '**', 'phantomjs?(.exe)'))","  console.log(files)","","  if (!files.length) {","    console.log('Could not find extracted file, or too many matches!', files)","    throw new Error('Could not find extracted file, or too many matches!')","  }","","  for (var i = 0; i < files.length; i++) {","    var file = files[i]","","    if (fs.statSync(file).isFile()) {","      console.log('Copying extracted folder', file, '->', targetPath)","      var dest = path.join(targetPath, path.basename(file))","      if (fs.existsSync(dest))","        fs.removeSync(dest)","","      return kew.nfcall(fs.move, file, dest)","    }","  }","","}","","/**"," * Check to see if the binary on PATH is OK to use. If successful, exit the process."," */","function tryPhantomjsOnPath() {","  return kew.nfcall(which, 'phantomjs')","  .then(function (result) {","    phantomPath = result","","    // Horrible hack to avoid problems during global install. We check to see if","    // the file `which` found is our own bin script.","    if (phantomPath.indexOf(path.join('npm', 'phantomjs')) !== -1) {","      console.log('Looks like an `npm install -g` on windows; unable to check for already installed version.')","      return","    }","","    var contents = fs.readFileSync(phantomPath, 'utf8')","    if (/NPM_INSTALL_MARKER/.test(contents)) {","      console.log('Looks like an `npm install -g`; unable to check for already installed version.')","    } else {","      return checkPhantomjsVersion(phantomPath).then(function (matches) {","        if (matches) {","          writeLocationFile(phantomPath)","          console.log('PhantomJS is already installed at', phantomPath + '.')","          exit(0)","        }","      })","    }","  }, function () {","    console.log('PhantomJS not found on PATH')","  })","  .fail(function (err) {","    console.error('Error checking path, continuing', err)","    return false","  })","}","","","","/**"," * @return {?string} Get the download URL for phantomjs. May return null if no download url exists."," */","function getDownloadUrl() {","  var downloadUrl = process.env.npm_config_phantomjs_downloadurl || process.env.PHANTOMJS_DOWNLOADURL","  if (downloadUrl)","    return downloadUrl","","  var cdnUrl = process.env.npm_config_phantomjs_cdnurl ||","      process.env.PHANTOMJS_CDNURL ||","      'https://bitbucket.org/ariya/phantomjs/downloads'","","  downloadUrl = cdnUrl + '/phantomjs-' + helper.version + '-'","","  if (process.platform === 'linux' && process.arch === 'x64') {","    downloadUrl += 'linux-x86_64.tar.bz2'","  } else if (process.platform === 'linux' && process.arch == 'ia32') {","    downloadUrl += 'linux-i686.tar.bz2'","  } else if (process.platform === 'darwin' || process.platform === 'openbsd' || process.platform === 'freebsd') {","    downloadUrl += 'macosx.zip'","","    // workaround for os-x yosemite, where ariya's build is broken","    // see https://github.com/ariya/phantomjs/issues/12928","    if (parseInt(os.release()) >= 14)","      downloadUrl = 'https://github.com/eugene1g/phantomjs/releases/download/2.0.0-bin/phantomjs-2.0.0-macosx.zip'","","  } else if (process.platform === 'win32') {","    downloadUrl += 'windows.zip'","  } else {","    return null","  }","","  return downloadUrl","}","","/**"," * Download phantomjs, reusing the existing copy on disk if available."," * Exits immediately if there is no binary to download."," */","function downloadPhantomjs() {","  var downloadUrl = getDownloadUrl()","  if (!downloadUrl) {","    console.error(","        'Unexpected platform or architecture: ' + process.platform + '/' + process.arch + '\\n' +","        'It seems there is no binary available for your platform/architecture\\n' +","        'Try to install PhantomJS globally')","    exit(1)","  }","","  return npmConfPromise.then(function (conf) {","    tmpPath = findSuitableTempDirectory(conf)","","    // Can't use a global version so start a download.","    var fileName = downloadUrl.split('/').pop()","    var downloadedFile = path.join(tmpPath, fileName)","","    // Start the install.","    if (!fs.existsSync(downloadedFile)) {","      console.log('Downloading', downloadUrl)","      console.log('Saving to', downloadedFile)","      return requestBinary(getRequestOptions(conf), downloadedFile)","    } else {","      console.log('Download already available at', downloadedFile)","      return downloadedFile","    }","  })","}","","/**"," * Check to make sure a given binary is the right version."," * @return {kew.Promise.<boolean>}"," */","function checkPhantomjsVersion(phantomPath) {","  console.log('Found PhantomJS at', phantomPath, '...verifying')","  return kew.nfcall(cp.execFile, phantomPath, ['--version']).then(function (stdout) {","    var version = stdout.trim()","    if (helper.version == version) {","      return true","    } else {","      console.log('PhantomJS detected, but wrong version', stdout.trim(), '@', phantomPath + '.')","      return false","    }","  }).fail(function (err) {","    console.error('Error verifying phantomjs, continuing', err)","    return false","  })","}",""],"l":{"9":1,"10":1,"11":1,"12":1,"13":1,"14":1,"15":1,"16":1,"17":1,"18":1,"19":1,"20":1,"21":1,"22":1,"23":1,"26":1,"29":1,"31":1,"32":0,"33":0,"34":0,"41":1,"43":1,"44":1,"45":1,"46":1,"48":1,"61":1,"63":1,"66":1,"69":1,"72":1,"75":1,"79":1,"81":1,"83":0,"84":0,"85":0,"87":0,"90":1,"91":1,"93":1,"94":1,"97":0,"98":0,"102":1,"103":1,"104":1,"105":0,"107":1,"111":1,"112":1,"113":1,"114":1,"118":1,"119":1,"120":1,"126":1,"127":1,"129":1,"130":1,"133":1,"134":1,"135":1,"136":1,"137":1,"139":0,"143":0,"146":0,"150":1,"151":0,"152":0,"153":0,"154":0,"158":0,"166":0,"167":0,"170":0,"171":0,"173":0,"175":0,"178":0,"181":0,"185":0,"186":0,"187":0,"188":0,"191":0,"195":1,"196":0,"198":0,"200":0,"201":0,"202":0,"203":0,"204":0,"205":0,"206":0,"207":0,"208":0,"210":0,"211":0,"218":0,"219":0,"220":0,"221":0,"222":0,"223":0,"225":0,"227":0,"229":0,"232":0,"233":0,"235":0,"236":0,"239":0,"243":1,"244":1,"247":1,"248":1,"250":1,"253":1,"255":1,"256":0,"258":0,"259":0,"260":0,"261":0,"263":0,"264":0,"268":1,"269":1,"270":1,"271":0,"272":0,"274":1,"278":1,"281":1,"282":1,"284":1,"285":1,"287":1,"288":0,"289":0,"292":1,"293":1,"295":1,"296":1,"297":1,"298":1,"299":1,"301":1,"310":1,"311":1,"313":1,"317":1,"318":0,"319":0,"322":1,"323":1,"324":1,"326":0,"327":0,"328":0,"329":0,"330":0,"335":0,"338":0,"339":0,"348":1,"349":1,"350":1,"351":0,"353":1,"357":1,"359":1,"360":1,"361":0,"362":0,"363":0,"364":0,"368":0,"369":0,"371":0,"372":0,"374":0,"377":1,"384":1,"385":1,"386":1,"387":0,"391":0,"394":1,"395":1,"398":1,"399":1,"402":1,"403":0,"404":0,"405":0,"407":1,"408":1,"417":1,"418":0,"419":0,"420":0,"421":0,"422":0,"424":0,"425":0,"428":0,"429":0}}}